2025-07-15 18:18:11 - INFO - [logging_config.py:44] - 日志文件已创建: D:\workspace\CFLP_Revision\logs\20250715_181811.log
2025-07-15 18:18:11 - INFO - [main.py:148] - 实验模式: Centralized
2025-07-15 18:18:11 - INFO - [main.py:152] - 模型初始化完成: CNN
2025-07-15 18:18:11 - INFO - [main.py:87] - 加载完整数据集
2025-07-15 18:18:12 - INFO - [main.py:140] - 开始训练 CNN 模型
2025-07-15 18:18:29 - INFO - [centralized_trainer.py:52] - [Centralized][Epoch 1/100] 准确率: 0.986  AUC: 0.999 损失: 0.040
2025-07-15 18:18:45 - INFO - [centralized_trainer.py:52] - [Centralized][Epoch 2/100] 准确率: 0.990  AUC: 0.999 损失: 0.028
2025-07-15 18:19:02 - INFO - [centralized_trainer.py:52] - [Centralized][Epoch 3/100] 准确率: 0.989  AUC: 0.999 损失: 0.037
2025-07-15 18:19:17 - INFO - [centralized_trainer.py:52] - [Centralized][Epoch 4/100] 准确率: 0.989  AUC: 0.999 损失: 0.030
2025-07-15 18:19:34 - INFO - [centralized_trainer.py:52] - [Centralized][Epoch 5/100] 准确率: 0.992  AUC: 0.999 损失: 0.029
2025-07-15 18:19:50 - INFO - [centralized_trainer.py:52] - [Centralized][Epoch 6/100] 准确率: 0.992  AUC: 0.999 损失: 0.026
2025-07-15 18:20:06 - INFO - [centralized_trainer.py:52] - [Centralized][Epoch 7/100] 准确率: 0.990  AUC: 0.999 损失: 0.034
2025-07-15 18:20:22 - INFO - [centralized_trainer.py:52] - [Centralized][Epoch 8/100] 准确率: 0.988  AUC: 0.999 损失: 0.043
2025-07-15 18:20:39 - INFO - [centralized_trainer.py:52] - [Centralized][Epoch 9/100] 准确率: 0.992  AUC: 0.999 损失: 0.027
2025-07-15 18:20:54 - INFO - [centralized_trainer.py:52] - [Centralized][Epoch 10/100] 准确率: 0.989  AUC: 0.999 损失: 0.044
2025-07-15 18:21:10 - INFO - [centralized_trainer.py:52] - [Centralized][Epoch 11/100] 准确率: 0.991  AUC: 0.999 损失: 0.030
2025-07-15 18:21:25 - INFO - [centralized_trainer.py:52] - [Centralized][Epoch 12/100] 准确率: 0.992  AUC: 0.999 损失: 0.032
2025-07-15 18:21:41 - INFO - [centralized_trainer.py:52] - [Centralized][Epoch 13/100] 准确率: 0.992  AUC: 0.999 损失: 0.033
2025-07-15 18:21:56 - INFO - [centralized_trainer.py:52] - [Centralized][Epoch 14/100] 准确率: 0.991  AUC: 0.999 损失: 0.035
2025-07-15 18:22:11 - INFO - [centralized_trainer.py:52] - [Centralized][Epoch 15/100] 准确率: 0.992  AUC: 0.999 损失: 0.035
2025-07-15 18:22:28 - INFO - [centralized_trainer.py:52] - [Centralized][Epoch 16/100] 准确率: 0.990  AUC: 0.999 损失: 0.057
2025-07-15 18:22:43 - INFO - [centralized_trainer.py:52] - [Centralized][Epoch 17/100] 准确率: 0.993  AUC: 0.999 损失: 0.035
2025-07-15 18:22:59 - INFO - [centralized_trainer.py:52] - [Centralized][Epoch 18/100] 准确率: 0.992  AUC: 0.999 损失: 0.042
2025-07-15 18:23:16 - INFO - [centralized_trainer.py:52] - [Centralized][Epoch 19/100] 准确率: 0.990  AUC: 0.999 损失: 0.049
2025-07-15 18:23:32 - INFO - [centralized_trainer.py:52] - [Centralized][Epoch 20/100] 准确率: 0.991  AUC: 0.999 损失: 0.050
2025-07-15 18:23:50 - INFO - [centralized_trainer.py:52] - [Centralized][Epoch 21/100] 准确率: 0.992  AUC: 0.999 损失: 0.046
2025-07-15 18:24:09 - INFO - [centralized_trainer.py:52] - [Centralized][Epoch 22/100] 准确率: 0.989  AUC: 0.999 损失: 0.067
2025-07-15 18:24:26 - INFO - [centralized_trainer.py:52] - [Centralized][Epoch 23/100] 准确率: 0.991  AUC: 0.999 损失: 0.052
2025-07-15 18:24:46 - INFO - [centralized_trainer.py:52] - [Centralized][Epoch 24/100] 准确率: 0.991  AUC: 0.999 损失: 0.050
2025-07-15 18:25:07 - INFO - [centralized_trainer.py:52] - [Centralized][Epoch 25/100] 准确率: 0.992  AUC: 0.999 损失: 0.050
2025-07-15 18:25:25 - INFO - [centralized_trainer.py:52] - [Centralized][Epoch 26/100] 准确率: 0.991  AUC: 0.999 损失: 0.056
2025-07-15 18:25:25 - INFO - [centralized_trainer.py:63] - [Centralized] 收敛检测：最近准确率波动未超过阈值(0.001)，提前停止训练。
2025-07-15 18:25:25 - INFO - [centralized_trainer.py:68] - 最终准确率: 0.993
2025-07-15 18:25:25 - INFO - [centralized_trainer.py:69] - 最终AUC: 0.999
2025-07-15 18:25:25 - INFO - [main.py:142] - Centralized训练完成
2025-07-15 18:25:25 - INFO - [main.py:172] - 训练总耗时: 433.37 秒
