2025-07-09 16:30:56 - INFO - [logging_config.py:44] - 日志文件已创建: D:\workspace\CFLPV2\logs\20250709_163056.log
2025-07-09 16:30:56 - INFO - [main.py:121] - 实验模式: Centralized
2025-07-09 16:30:56 - INFO - [main.py:125] - 模型初始化完成: MLP
2025-07-09 16:30:56 - INFO - [main.py:130] - 加载完整数据集
2025-07-09 16:30:56 - INFO - [main.py:113] - 开始训练 MLP 模型
2025-07-09 16:30:59 - INFO - [centralized_trainer.py:52] - [Centralized][Epoch 1/100] 准确率: 0.955  AUC: 0.998 损失: 0.144
2025-07-09 16:31:01 - INFO - [centralized_trainer.py:52] - [Centralized][Epoch 2/100] 准确率: 0.969  AUC: 0.999 损失: 0.103
2025-07-09 16:31:03 - INFO - [centralized_trainer.py:52] - [Centralized][Epoch 3/100] 准确率: 0.970  AUC: 0.999 损失: 0.093
2025-07-09 16:31:04 - INFO - [centralized_trainer.py:52] - [Centralized][Epoch 4/100] 准确率: 0.971  AUC: 0.999 损失: 0.090
2025-07-09 16:31:06 - INFO - [centralized_trainer.py:52] - [Centralized][Epoch 5/100] 准确率: 0.974  AUC: 0.999 损失: 0.083
2025-07-09 16:31:08 - INFO - [centralized_trainer.py:52] - [Centralized][Epoch 6/100] 准确率: 0.976  AUC: 0.999 损失: 0.082
2025-07-09 16:31:10 - INFO - [centralized_trainer.py:52] - [Centralized][Epoch 7/100] 准确率: 0.973  AUC: 0.999 损失: 0.096
2025-07-09 16:31:11 - INFO - [centralized_trainer.py:52] - [Centralized][Epoch 8/100] 准确率: 0.977  AUC: 0.999 损失: 0.082
2025-07-09 16:31:13 - INFO - [centralized_trainer.py:52] - [Centralized][Epoch 9/100] 准确率: 0.978  AUC: 0.999 损失: 0.079
2025-07-09 16:31:15 - INFO - [centralized_trainer.py:52] - [Centralized][Epoch 10/100] 准确率: 0.976  AUC: 0.999 损失: 0.092
2025-07-09 16:31:16 - INFO - [centralized_trainer.py:52] - [Centralized][Epoch 11/100] 准确率: 0.975  AUC: 0.999 损失: 0.095
2025-07-09 16:31:18 - INFO - [centralized_trainer.py:52] - [Centralized][Epoch 12/100] 准确率: 0.975  AUC: 0.999 损失: 0.104
2025-07-09 16:31:19 - INFO - [centralized_trainer.py:52] - [Centralized][Epoch 13/100] 准确率: 0.975  AUC: 0.999 损失: 0.103
2025-07-09 16:31:21 - INFO - [centralized_trainer.py:52] - [Centralized][Epoch 14/100] 准确率: 0.977  AUC: 0.999 损失: 0.099
2025-07-09 16:31:23 - INFO - [centralized_trainer.py:52] - [Centralized][Epoch 15/100] 准确率: 0.974  AUC: 0.999 损失: 0.121
2025-07-09 16:31:25 - INFO - [centralized_trainer.py:52] - [Centralized][Epoch 16/100] 准确率: 0.975  AUC: 0.999 损失: 0.109
2025-07-09 16:31:26 - INFO - [centralized_trainer.py:52] - [Centralized][Epoch 17/100] 准确率: 0.980  AUC: 0.999 损失: 0.095
2025-07-09 16:31:28 - INFO - [centralized_trainer.py:52] - [Centralized][Epoch 18/100] 准确率: 0.979  AUC: 0.999 损失: 0.102
2025-07-09 16:31:30 - INFO - [centralized_trainer.py:52] - [Centralized][Epoch 19/100] 准确率: 0.977  AUC: 0.999 损失: 0.116
2025-07-09 16:31:31 - INFO - [centralized_trainer.py:52] - [Centralized][Epoch 20/100] 准确率: 0.976  AUC: 0.999 损失: 0.129
2025-07-09 16:31:33 - INFO - [centralized_trainer.py:52] - [Centralized][Epoch 21/100] 准确率: 0.980  AUC: 0.999 损失: 0.107
2025-07-09 16:31:35 - INFO - [centralized_trainer.py:52] - [Centralized][Epoch 22/100] 准确率: 0.977  AUC: 0.999 损失: 0.123
2025-07-09 16:31:37 - INFO - [centralized_trainer.py:52] - [Centralized][Epoch 23/100] 准确率: 0.979  AUC: 0.999 损失: 0.113
2025-07-09 16:31:38 - INFO - [centralized_trainer.py:52] - [Centralized][Epoch 24/100] 准确率: 0.974  AUC: 0.999 损失: 0.136
2025-07-09 16:31:40 - INFO - [centralized_trainer.py:52] - [Centralized][Epoch 25/100] 准确率: 0.978  AUC: 0.999 损失: 0.138
2025-07-09 16:31:42 - INFO - [centralized_trainer.py:52] - [Centralized][Epoch 26/100] 准确率: 0.980  AUC: 0.999 损失: 0.113
2025-07-09 16:31:43 - INFO - [centralized_trainer.py:52] - [Centralized][Epoch 27/100] 准确率: 0.978  AUC: 0.999 损失: 0.140
2025-07-09 16:31:45 - INFO - [centralized_trainer.py:52] - [Centralized][Epoch 28/100] 准确率: 0.980  AUC: 0.999 损失: 0.118
2025-07-09 16:31:47 - INFO - [centralized_trainer.py:52] - [Centralized][Epoch 29/100] 准确率: 0.980  AUC: 0.999 损失: 0.109
2025-07-09 16:31:49 - INFO - [centralized_trainer.py:52] - [Centralized][Epoch 30/100] 准确率: 0.980  AUC: 0.999 损失: 0.130
2025-07-09 16:31:50 - INFO - [centralized_trainer.py:52] - [Centralized][Epoch 31/100] 准确率: 0.980  AUC: 0.999 损失: 0.136
2025-07-09 16:31:50 - INFO - [centralized_trainer.py:63] - [Centralized] 收敛检测：最近准确率波动未超过阈值(0.001)，提前停止训练。
2025-07-09 16:31:50 - INFO - [centralized_trainer.py:68] - 最终准确率: 0.980
2025-07-09 16:31:50 - INFO - [centralized_trainer.py:69] - 最终AUC: 0.999
2025-07-09 16:31:50 - INFO - [main.py:115] - Centralized训练完成
2025-07-09 16:31:50 - INFO - [main.py:146] - 训练总耗时: 53.95 秒
