2025-07-15 18:37:56 - INFO - [logging_config.py:44] - 日志文件已创建: D:\workspace\CFLP_Revision\logs\20250715_183756.log
2025-07-15 18:37:56 - INFO - [main.py:148] - 实验模式: Centralized
2025-07-15 18:37:56 - INFO - [main.py:152] - 模型初始化完成: MLP
2025-07-15 18:37:56 - INFO - [main.py:87] - 加载完整数据集
2025-07-15 18:37:57 - INFO - [main.py:140] - 开始训练 MLP 模型
2025-07-15 18:38:00 - INFO - [centralized_trainer.py:52] - [Centralized][Epoch 1/100] 准确率: 0.953  AUC: 0.998 损失: 0.152
2025-07-15 18:38:02 - INFO - [centralized_trainer.py:52] - [Centralized][Epoch 2/100] 准确率: 0.963  AUC: 0.999 损失: 0.115
2025-07-15 18:38:04 - INFO - [centralized_trainer.py:52] - [Centralized][Epoch 3/100] 准确率: 0.972  AUC: 0.999 损失: 0.088
2025-07-15 18:38:06 - INFO - [centralized_trainer.py:52] - [Centralized][Epoch 4/100] 准确率: 0.970  AUC: 0.999 损失: 0.099
2025-07-15 18:38:08 - INFO - [centralized_trainer.py:52] - [Centralized][Epoch 5/100] 准确率: 0.974  AUC: 0.999 损失: 0.087
2025-07-15 18:38:10 - INFO - [centralized_trainer.py:52] - [Centralized][Epoch 6/100] 准确率: 0.975  AUC: 0.999 损失: 0.080
2025-07-15 18:38:12 - INFO - [centralized_trainer.py:52] - [Centralized][Epoch 7/100] 准确率: 0.974  AUC: 0.999 损失: 0.093
2025-07-15 18:38:14 - INFO - [centralized_trainer.py:52] - [Centralized][Epoch 8/100] 准确率: 0.979  AUC: 0.999 损失: 0.074
2025-07-15 18:38:16 - INFO - [centralized_trainer.py:52] - [Centralized][Epoch 9/100] 准确率: 0.976  AUC: 0.999 损失: 0.086
2025-07-15 18:38:18 - INFO - [centralized_trainer.py:52] - [Centralized][Epoch 10/100] 准确率: 0.978  AUC: 0.999 损失: 0.086
2025-07-15 18:38:20 - INFO - [centralized_trainer.py:52] - [Centralized][Epoch 11/100] 准确率: 0.977  AUC: 0.999 损失: 0.093
2025-07-15 18:38:22 - INFO - [centralized_trainer.py:52] - [Centralized][Epoch 12/100] 准确率: 0.971  AUC: 0.999 损失: 0.121
2025-07-15 18:38:23 - INFO - [centralized_trainer.py:52] - [Centralized][Epoch 13/100] 准确率: 0.978  AUC: 0.999 损失: 0.088
2025-07-15 18:38:25 - INFO - [centralized_trainer.py:52] - [Centralized][Epoch 14/100] 准确率: 0.980  AUC: 0.999 损失: 0.094
2025-07-15 18:38:27 - INFO - [centralized_trainer.py:52] - [Centralized][Epoch 15/100] 准确率: 0.974  AUC: 0.999 损失: 0.115
2025-07-15 18:38:29 - INFO - [centralized_trainer.py:52] - [Centralized][Epoch 16/100] 准确率: 0.979  AUC: 0.999 损失: 0.094
2025-07-15 18:38:31 - INFO - [centralized_trainer.py:52] - [Centralized][Epoch 17/100] 准确率: 0.975  AUC: 0.999 损失: 0.104
2025-07-15 18:38:33 - INFO - [centralized_trainer.py:52] - [Centralized][Epoch 18/100] 准确率: 0.974  AUC: 0.999 损失: 0.111
2025-07-15 18:38:35 - INFO - [centralized_trainer.py:52] - [Centralized][Epoch 19/100] 准确率: 0.978  AUC: 0.999 损失: 0.105
2025-07-15 18:38:37 - INFO - [centralized_trainer.py:52] - [Centralized][Epoch 20/100] 准确率: 0.980  AUC: 0.999 损失: 0.101
2025-07-15 18:38:39 - INFO - [centralized_trainer.py:52] - [Centralized][Epoch 21/100] 准确率: 0.979  AUC: 0.999 损失: 0.102
2025-07-15 18:38:40 - INFO - [centralized_trainer.py:52] - [Centralized][Epoch 22/100] 准确率: 0.977  AUC: 0.999 损失: 0.112
2025-07-15 18:38:42 - INFO - [centralized_trainer.py:52] - [Centralized][Epoch 23/100] 准确率: 0.979  AUC: 0.999 损失: 0.114
2025-07-15 18:38:44 - INFO - [centralized_trainer.py:52] - [Centralized][Epoch 24/100] 准确率: 0.981  AUC: 0.999 损失: 0.112
2025-07-15 18:38:46 - INFO - [centralized_trainer.py:52] - [Centralized][Epoch 25/100] 准确率: 0.978  AUC: 0.999 损失: 0.120
2025-07-15 18:38:48 - INFO - [centralized_trainer.py:52] - [Centralized][Epoch 26/100] 准确率: 0.980  AUC: 0.999 损失: 0.107
2025-07-15 18:38:50 - INFO - [centralized_trainer.py:52] - [Centralized][Epoch 27/100] 准确率: 0.981  AUC: 0.999 损失: 0.114
2025-07-15 18:38:52 - INFO - [centralized_trainer.py:52] - [Centralized][Epoch 28/100] 准确率: 0.976  AUC: 0.999 损失: 0.135
2025-07-15 18:38:54 - INFO - [centralized_trainer.py:52] - [Centralized][Epoch 29/100] 准确率: 0.980  AUC: 0.999 损失: 0.114
2025-07-15 18:38:55 - INFO - [centralized_trainer.py:52] - [Centralized][Epoch 30/100] 准确率: 0.977  AUC: 0.999 损失: 0.138
2025-07-15 18:38:57 - INFO - [centralized_trainer.py:52] - [Centralized][Epoch 31/100] 准确率: 0.981  AUC: 0.999 损失: 0.115
2025-07-15 18:38:59 - INFO - [centralized_trainer.py:52] - [Centralized][Epoch 32/100] 准确率: 0.977  AUC: 0.999 损失: 0.134
2025-07-15 18:39:01 - INFO - [centralized_trainer.py:52] - [Centralized][Epoch 33/100] 准确率: 0.979  AUC: 0.999 损失: 0.123
2025-07-15 18:39:03 - INFO - [centralized_trainer.py:52] - [Centralized][Epoch 34/100] 准确率: 0.978  AUC: 0.999 损失: 0.143
2025-07-15 18:39:05 - INFO - [centralized_trainer.py:52] - [Centralized][Epoch 35/100] 准确率: 0.978  AUC: 0.999 损失: 0.133
2025-07-15 18:39:07 - INFO - [centralized_trainer.py:52] - [Centralized][Epoch 36/100] 准确率: 0.979  AUC: 0.999 损失: 0.122
2025-07-15 18:39:09 - INFO - [centralized_trainer.py:52] - [Centralized][Epoch 37/100] 准确率: 0.980  AUC: 0.999 损失: 0.142
2025-07-15 18:39:11 - INFO - [centralized_trainer.py:52] - [Centralized][Epoch 38/100] 准确率: 0.979  AUC: 0.999 损失: 0.129
2025-07-15 18:39:13 - INFO - [centralized_trainer.py:52] - [Centralized][Epoch 39/100] 准确率: 0.982  AUC: 0.999 损失: 0.119
2025-07-15 18:39:15 - INFO - [centralized_trainer.py:52] - [Centralized][Epoch 40/100] 准确率: 0.977  AUC: 0.999 损失: 0.146
2025-07-15 18:39:17 - INFO - [centralized_trainer.py:52] - [Centralized][Epoch 41/100] 准确率: 0.974  AUC: 0.999 损失: 0.166
2025-07-15 18:39:19 - INFO - [centralized_trainer.py:52] - [Centralized][Epoch 42/100] 准确率: 0.981  AUC: 0.999 损失: 0.130
2025-07-15 18:39:21 - INFO - [centralized_trainer.py:52] - [Centralized][Epoch 43/100] 准确率: 0.980  AUC: 0.999 损失: 0.141
2025-07-15 18:39:23 - INFO - [centralized_trainer.py:52] - [Centralized][Epoch 44/100] 准确率: 0.979  AUC: 0.999 损失: 0.147
2025-07-15 18:39:25 - INFO - [centralized_trainer.py:52] - [Centralized][Epoch 45/100] 准确率: 0.982  AUC: 0.999 损失: 0.133
2025-07-15 18:39:27 - INFO - [centralized_trainer.py:52] - [Centralized][Epoch 46/100] 准确率: 0.977  AUC: 0.999 损失: 0.172
2025-07-15 18:39:28 - INFO - [centralized_trainer.py:52] - [Centralized][Epoch 47/100] 准确率: 0.980  AUC: 0.999 损失: 0.151
2025-07-15 18:39:30 - INFO - [centralized_trainer.py:52] - [Centralized][Epoch 48/100] 准确率: 0.980  AUC: 0.999 损失: 0.144
2025-07-15 18:39:32 - INFO - [centralized_trainer.py:52] - [Centralized][Epoch 49/100] 准确率: 0.978  AUC: 0.999 损失: 0.159
2025-07-15 18:39:34 - INFO - [centralized_trainer.py:52] - [Centralized][Epoch 50/100] 准确率: 0.980  AUC: 0.999 损失: 0.143
2025-07-15 18:39:36 - INFO - [centralized_trainer.py:52] - [Centralized][Epoch 51/100] 准确率: 0.980  AUC: 0.999 损失: 0.150
2025-07-15 18:39:38 - INFO - [centralized_trainer.py:52] - [Centralized][Epoch 52/100] 准确率: 0.978  AUC: 0.999 损失: 0.161
2025-07-15 18:39:39 - INFO - [centralized_trainer.py:52] - [Centralized][Epoch 53/100] 准确率: 0.979  AUC: 0.999 损失: 0.148
2025-07-15 18:39:41 - INFO - [centralized_trainer.py:52] - [Centralized][Epoch 54/100] 准确率: 0.980  AUC: 0.999 损失: 0.150
2025-07-15 18:39:43 - INFO - [centralized_trainer.py:52] - [Centralized][Epoch 55/100] 准确率: 0.980  AUC: 0.999 损失: 0.143
2025-07-15 18:39:45 - INFO - [centralized_trainer.py:52] - [Centralized][Epoch 56/100] 准确率: 0.980  AUC: 0.999 损失: 0.158
2025-07-15 18:39:45 - INFO - [centralized_trainer.py:63] - [Centralized] 收敛检测：最近准确率波动未超过阈值(0.001)，提前停止训练。
2025-07-15 18:39:45 - INFO - [centralized_trainer.py:68] - 最终准确率: 0.982
2025-07-15 18:39:45 - INFO - [centralized_trainer.py:69] - 最终AUC: 0.999
2025-07-15 18:39:45 - INFO - [main.py:142] - Centralized训练完成
2025-07-15 18:39:45 - INFO - [main.py:172] - 训练总耗时: 108.50 秒
