2025-07-15 18:25:30 - INFO - [logging_config.py:44] - 日志文件已创建: D:\workspace\CFLP_Revision\logs\20250715_182530.log
2025-07-15 18:25:30 - INFO - [main.py:148] - 实验模式: Centralized
2025-07-15 18:25:30 - INFO - [main.py:152] - 模型初始化完成: CNN
2025-07-15 18:25:30 - INFO - [main.py:87] - 加载完整数据集
2025-07-15 18:25:31 - INFO - [main.py:140] - 开始训练 CNN 模型
2025-07-15 18:25:50 - INFO - [centralized_trainer.py:52] - [Centralized][Epoch 1/100] 准确率: 0.985  AUC: 0.999 损失: 0.043
2025-07-15 18:26:08 - INFO - [centralized_trainer.py:52] - [Centralized][Epoch 2/100] 准确率: 0.991  AUC: 0.999 损失: 0.028
2025-07-15 18:26:26 - INFO - [centralized_trainer.py:52] - [Centralized][Epoch 3/100] 准确率: 0.990  AUC: 0.999 损失: 0.029
2025-07-15 18:26:42 - INFO - [centralized_trainer.py:52] - [Centralized][Epoch 4/100] 准确率: 0.991  AUC: 0.999 损失: 0.026
2025-07-15 18:26:58 - INFO - [centralized_trainer.py:52] - [Centralized][Epoch 5/100] 准确率: 0.992  AUC: 0.999 损失: 0.025
2025-07-15 18:27:15 - INFO - [centralized_trainer.py:52] - [Centralized][Epoch 6/100] 准确率: 0.990  AUC: 0.999 损失: 0.030
2025-07-15 18:27:31 - INFO - [centralized_trainer.py:52] - [Centralized][Epoch 7/100] 准确率: 0.991  AUC: 0.999 损失: 0.030
2025-07-15 18:27:48 - INFO - [centralized_trainer.py:52] - [Centralized][Epoch 8/100] 准确率: 0.990  AUC: 0.999 损失: 0.035
2025-07-15 18:28:06 - INFO - [centralized_trainer.py:52] - [Centralized][Epoch 9/100] 准确率: 0.991  AUC: 0.999 损失: 0.033
2025-07-15 18:28:24 - INFO - [centralized_trainer.py:52] - [Centralized][Epoch 10/100] 准确率: 0.991  AUC: 0.999 损失: 0.034
2025-07-15 18:28:42 - INFO - [centralized_trainer.py:52] - [Centralized][Epoch 11/100] 准确率: 0.989  AUC: 0.999 损失: 0.048
2025-07-15 18:29:00 - INFO - [centralized_trainer.py:52] - [Centralized][Epoch 12/100] 准确率: 0.992  AUC: 0.999 损失: 0.032
2025-07-15 18:29:18 - INFO - [centralized_trainer.py:52] - [Centralized][Epoch 13/100] 准确率: 0.991  AUC: 0.999 损失: 0.035
2025-07-15 18:29:35 - INFO - [centralized_trainer.py:52] - [Centralized][Epoch 14/100] 准确率: 0.992  AUC: 0.999 损失: 0.038
2025-07-15 18:29:51 - INFO - [centralized_trainer.py:52] - [Centralized][Epoch 15/100] 准确率: 0.992  AUC: 0.999 损失: 0.036
2025-07-15 18:30:08 - INFO - [centralized_trainer.py:52] - [Centralized][Epoch 16/100] 准确率: 0.990  AUC: 0.999 损失: 0.044
2025-07-15 18:30:25 - INFO - [centralized_trainer.py:52] - [Centralized][Epoch 17/100] 准确率: 0.992  AUC: 0.999 损失: 0.041
2025-07-15 18:30:41 - INFO - [centralized_trainer.py:52] - [Centralized][Epoch 18/100] 准确率: 0.991  AUC: 0.999 损失: 0.047
2025-07-15 18:30:57 - INFO - [centralized_trainer.py:52] - [Centralized][Epoch 19/100] 准确率: 0.991  AUC: 0.999 损失: 0.047
2025-07-15 18:31:13 - INFO - [centralized_trainer.py:52] - [Centralized][Epoch 20/100] 准确率: 0.992  AUC: 0.999 损失: 0.040
2025-07-15 18:31:30 - INFO - [centralized_trainer.py:52] - [Centralized][Epoch 21/100] 准确率: 0.993  AUC: 0.999 损失: 0.047
2025-07-15 18:31:45 - INFO - [centralized_trainer.py:52] - [Centralized][Epoch 22/100] 准确率: 0.991  AUC: 0.999 损失: 0.047
2025-07-15 18:32:01 - INFO - [centralized_trainer.py:52] - [Centralized][Epoch 23/100] 准确率: 0.991  AUC: 0.999 损失: 0.051
2025-07-15 18:32:17 - INFO - [centralized_trainer.py:52] - [Centralized][Epoch 24/100] 准确率: 0.992  AUC: 0.999 损失: 0.051
2025-07-15 18:32:33 - INFO - [centralized_trainer.py:52] - [Centralized][Epoch 25/100] 准确率: 0.992  AUC: 0.999 损失: 0.055
2025-07-15 18:32:47 - INFO - [centralized_trainer.py:52] - [Centralized][Epoch 26/100] 准确率: 0.992  AUC: 0.999 损失: 0.049
2025-07-15 18:33:00 - INFO - [centralized_trainer.py:52] - [Centralized][Epoch 27/100] 准确率: 0.991  AUC: 0.999 损失: 0.053
2025-07-15 18:33:14 - INFO - [centralized_trainer.py:52] - [Centralized][Epoch 28/100] 准确率: 0.993  AUC: 0.999 损失: 0.049
2025-07-15 18:33:27 - INFO - [centralized_trainer.py:52] - [Centralized][Epoch 29/100] 准确率: 0.990  AUC: 0.999 损失: 0.077
2025-07-15 18:33:43 - INFO - [centralized_trainer.py:52] - [Centralized][Epoch 30/100] 准确率: 0.992  AUC: 0.999 损失: 0.057
2025-07-15 18:34:00 - INFO - [centralized_trainer.py:52] - [Centralized][Epoch 31/100] 准确率: 0.992  AUC: 0.999 损失: 0.045
2025-07-15 18:34:17 - INFO - [centralized_trainer.py:52] - [Centralized][Epoch 32/100] 准确率: 0.994  AUC: 0.999 损失: 0.041
2025-07-15 18:34:33 - INFO - [centralized_trainer.py:52] - [Centralized][Epoch 33/100] 准确率: 0.991  AUC: 0.999 损失: 0.074
2025-07-15 18:34:48 - INFO - [centralized_trainer.py:52] - [Centralized][Epoch 34/100] 准确率: 0.991  AUC: 0.999 损失: 0.053
2025-07-15 18:35:05 - INFO - [centralized_trainer.py:52] - [Centralized][Epoch 35/100] 准确率: 0.992  AUC: 0.999 损失: 0.063
2025-07-15 18:35:20 - INFO - [centralized_trainer.py:52] - [Centralized][Epoch 36/100] 准确率: 0.991  AUC: 0.999 损失: 0.069
2025-07-15 18:35:36 - INFO - [centralized_trainer.py:52] - [Centralized][Epoch 37/100] 准确率: 0.992  AUC: 0.999 损失: 0.076
2025-07-15 18:35:36 - INFO - [centralized_trainer.py:63] - [Centralized] 收敛检测：最近准确率波动未超过阈值(0.001)，提前停止训练。
2025-07-15 18:35:36 - INFO - [centralized_trainer.py:68] - 最终准确率: 0.994
2025-07-15 18:35:36 - INFO - [centralized_trainer.py:69] - 最终AUC: 0.999
2025-07-15 18:35:36 - INFO - [main.py:142] - Centralized训练完成
2025-07-15 18:35:36 - INFO - [main.py:172] - 训练总耗时: 605.42 秒
