2025-07-15 19:45:39 - INFO - [logging_config.py:44] - 日志文件已创建: D:\workspace\CFLP_Revision\logs\20250715_194539.log
2025-07-15 19:45:39 - INFO - [main.py:148] - 实验模式: Federated
2025-07-15 19:45:39 - INFO - [main.py:152] - 模型初始化完成: CNN
2025-07-15 19:45:39 - INFO - [main.py:102] - 为联邦学习加载数据，分布类型: noniid_quantity_skew
2025-07-15 19:45:40 - INFO - [main.py:140] - 开始训练 CNN 模型
2025-07-15 19:45:56 - INFO - [federated_trainer.py:76] - [Federated][Round 1/100] 客户端平均准确率: 0.962, 平均AUC: 0.998 平均损失: 0.120
2025-07-15 19:46:11 - INFO - [federated_trainer.py:76] - [Federated][Round 2/100] 客户端平均准确率: 0.980, 平均AUC: 0.999 平均损失: 0.065
2025-07-15 19:46:26 - INFO - [federated_trainer.py:76] - [Federated][Round 3/100] 客户端平均准确率: 0.981, 平均AUC: 0.999 平均损失: 0.057
2025-07-15 19:46:41 - INFO - [federated_trainer.py:76] - [Federated][Round 4/100] 客户端平均准确率: 0.984, 平均AUC: 0.999 平均损失: 0.050
2025-07-15 19:46:55 - INFO - [federated_trainer.py:76] - [Federated][Round 5/100] 客户端平均准确率: 0.987, 平均AUC: 0.999 平均损失: 0.042
2025-07-15 19:47:10 - INFO - [federated_trainer.py:76] - [Federated][Round 6/100] 客户端平均准确率: 0.988, 平均AUC: 0.999 平均损失: 0.037
2025-07-15 19:47:25 - INFO - [federated_trainer.py:76] - [Federated][Round 7/100] 客户端平均准确率: 0.988, 平均AUC: 0.999 平均损失: 0.038
2025-07-15 19:47:40 - INFO - [federated_trainer.py:76] - [Federated][Round 8/100] 客户端平均准确率: 0.988, 平均AUC: 0.999 平均损失: 0.034
2025-07-15 19:47:55 - INFO - [federated_trainer.py:76] - [Federated][Round 9/100] 客户端平均准确率: 0.989, 平均AUC: 0.999 平均损失: 0.034
2025-07-15 19:48:10 - INFO - [federated_trainer.py:76] - [Federated][Round 10/100] 客户端平均准确率: 0.988, 平均AUC: 0.999 平均损失: 0.036
2025-07-15 19:48:25 - INFO - [federated_trainer.py:76] - [Federated][Round 11/100] 客户端平均准确率: 0.989, 平均AUC: 0.999 平均损失: 0.033
2025-07-15 19:48:39 - INFO - [federated_trainer.py:76] - [Federated][Round 12/100] 客户端平均准确率: 0.991, 平均AUC: 0.999 平均损失: 0.035
2025-07-15 19:48:54 - INFO - [federated_trainer.py:76] - [Federated][Round 13/100] 客户端平均准确率: 0.988, 平均AUC: 0.999 平均损失: 0.042
2025-07-15 19:49:09 - INFO - [federated_trainer.py:76] - [Federated][Round 14/100] 客户端平均准确率: 0.989, 平均AUC: 0.999 平均损失: 0.038
2025-07-15 19:49:24 - INFO - [federated_trainer.py:76] - [Federated][Round 15/100] 客户端平均准确率: 0.989, 平均AUC: 0.999 平均损失: 0.036
2025-07-15 19:49:39 - INFO - [federated_trainer.py:76] - [Federated][Round 16/100] 客户端平均准确率: 0.989, 平均AUC: 0.999 平均损失: 0.045
2025-07-15 19:49:39 - INFO - [federated_trainer.py:87] - [Federated] 收敛检测：最近准确率波动未超过阈值(0.001)，提前停止训练
2025-07-15 19:49:39 - INFO - [federated_trainer.py:96] - 最终准确率: 0.991
2025-07-15 19:49:39 - INFO - [federated_trainer.py:97] - 最终AUC: 0.999
2025-07-15 19:49:39 - INFO - [main.py:142] - Federated训练完成
2025-07-15 19:49:39 - INFO - [main.py:172] - 训练总耗时: 239.20 秒
