2025-07-15 20:09:55 - INFO - [logging_config.py:44] - 日志文件已创建: D:\workspace\CFLP_Revision\logs\20250715_200955.log
2025-07-15 20:09:55 - INFO - [main.py:148] - 实验模式: Federated
2025-07-15 20:09:55 - INFO - [main.py:152] - 模型初始化完成: MLP
2025-07-15 20:09:55 - INFO - [main.py:102] - 为联邦学习加载数据，分布类型: noniid_quantity_skew
2025-07-15 20:09:56 - INFO - [main.py:140] - 开始训练 MLP 模型
2025-07-15 20:09:59 - INFO - [federated_trainer.py:76] - [Federated][Round 1/100] 客户端平均准确率: 0.909, 平均AUC: 0.993 平均损失: 0.303
2025-07-15 20:10:01 - INFO - [federated_trainer.py:76] - [Federated][Round 2/100] 客户端平均准确率: 0.939, 平均AUC: 0.996 平均损失: 0.210
2025-07-15 20:10:03 - INFO - [federated_trainer.py:76] - [Federated][Round 3/100] 客户端平均准确率: 0.950, 平均AUC: 0.997 平均损失: 0.171
2025-07-15 20:10:05 - INFO - [federated_trainer.py:76] - [Federated][Round 4/100] 客户端平均准确率: 0.955, 平均AUC: 0.998 平均损失: 0.148
2025-07-15 20:10:07 - INFO - [federated_trainer.py:76] - [Federated][Round 5/100] 客户端平均准确率: 0.962, 平均AUC: 0.998 平均损失: 0.123
2025-07-15 20:10:09 - INFO - [federated_trainer.py:76] - [Federated][Round 6/100] 客户端平均准确率: 0.965, 平均AUC: 0.998 平均损失: 0.121
2025-07-15 20:10:10 - INFO - [federated_trainer.py:76] - [Federated][Round 7/100] 客户端平均准确率: 0.965, 平均AUC: 0.999 平均损失: 0.120
2025-07-15 20:10:12 - INFO - [federated_trainer.py:76] - [Federated][Round 8/100] 客户端平均准确率: 0.966, 平均AUC: 0.999 平均损失: 0.107
2025-07-15 20:10:14 - INFO - [federated_trainer.py:76] - [Federated][Round 9/100] 客户端平均准确率: 0.968, 平均AUC: 0.999 平均损失: 0.109
2025-07-15 20:10:16 - INFO - [federated_trainer.py:76] - [Federated][Round 10/100] 客户端平均准确率: 0.968, 平均AUC: 0.999 平均损失: 0.102
2025-07-15 20:10:18 - INFO - [federated_trainer.py:76] - [Federated][Round 11/100] 客户端平均准确率: 0.973, 平均AUC: 0.999 平均损失: 0.093
2025-07-15 20:10:20 - INFO - [federated_trainer.py:76] - [Federated][Round 12/100] 客户端平均准确率: 0.970, 平均AUC: 0.999 平均损失: 0.099
2025-07-15 20:10:22 - INFO - [federated_trainer.py:76] - [Federated][Round 13/100] 客户端平均准确率: 0.971, 平均AUC: 0.999 平均损失: 0.101
2025-07-15 20:10:24 - INFO - [federated_trainer.py:76] - [Federated][Round 14/100] 客户端平均准确率: 0.971, 平均AUC: 0.999 平均损失: 0.098
2025-07-15 20:10:26 - INFO - [federated_trainer.py:76] - [Federated][Round 15/100] 客户端平均准确率: 0.974, 平均AUC: 0.999 平均损失: 0.094
2025-07-15 20:10:27 - INFO - [federated_trainer.py:76] - [Federated][Round 16/100] 客户端平均准确率: 0.971, 平均AUC: 0.999 平均损失: 0.097
2025-07-15 20:10:29 - INFO - [federated_trainer.py:76] - [Federated][Round 17/100] 客户端平均准确率: 0.971, 平均AUC: 0.999 平均损失: 0.104
2025-07-15 20:10:31 - INFO - [federated_trainer.py:76] - [Federated][Round 18/100] 客户端平均准确率: 0.973, 平均AUC: 0.999 平均损失: 0.100
2025-07-15 20:10:33 - INFO - [federated_trainer.py:76] - [Federated][Round 19/100] 客户端平均准确率: 0.970, 平均AUC: 0.999 平均损失: 0.108
2025-07-15 20:10:35 - INFO - [federated_trainer.py:76] - [Federated][Round 20/100] 客户端平均准确率: 0.973, 平均AUC: 0.999 平均损失: 0.104
2025-07-15 20:10:37 - INFO - [federated_trainer.py:76] - [Federated][Round 21/100] 客户端平均准确率: 0.974, 平均AUC: 0.999 平均损失: 0.098
2025-07-15 20:10:39 - INFO - [federated_trainer.py:76] - [Federated][Round 22/100] 客户端平均准确率: 0.975, 平均AUC: 0.999 平均损失: 0.096
2025-07-15 20:10:41 - INFO - [federated_trainer.py:76] - [Federated][Round 23/100] 客户端平均准确率: 0.976, 平均AUC: 0.999 平均损失: 0.100
2025-07-15 20:10:43 - INFO - [federated_trainer.py:76] - [Federated][Round 24/100] 客户端平均准确率: 0.974, 平均AUC: 0.999 平均损失: 0.103
2025-07-15 20:10:45 - INFO - [federated_trainer.py:76] - [Federated][Round 25/100] 客户端平均准确率: 0.976, 平均AUC: 0.999 平均损失: 0.095
2025-07-15 20:10:46 - INFO - [federated_trainer.py:76] - [Federated][Round 26/100] 客户端平均准确率: 0.973, 平均AUC: 0.999 平均损失: 0.111
2025-07-15 20:10:48 - INFO - [federated_trainer.py:76] - [Federated][Round 27/100] 客户端平均准确率: 0.975, 平均AUC: 0.999 平均损失: 0.116
2025-07-15 20:10:50 - INFO - [federated_trainer.py:76] - [Federated][Round 28/100] 客户端平均准确率: 0.975, 平均AUC: 0.999 平均损失: 0.113
2025-07-15 20:10:52 - INFO - [federated_trainer.py:76] - [Federated][Round 29/100] 客户端平均准确率: 0.975, 平均AUC: 0.999 平均损失: 0.117
2025-07-15 20:10:54 - INFO - [federated_trainer.py:76] - [Federated][Round 30/100] 客户端平均准确率: 0.975, 平均AUC: 0.999 平均损失: 0.111
2025-07-15 20:10:54 - INFO - [federated_trainer.py:87] - [Federated] 收敛检测：最近准确率波动未超过阈值(0.001)，提前停止训练
2025-07-15 20:10:54 - INFO - [federated_trainer.py:96] - 最终准确率: 0.976
2025-07-15 20:10:54 - INFO - [federated_trainer.py:97] - 最终AUC: 0.999
2025-07-15 20:10:54 - INFO - [main.py:142] - Federated训练完成
2025-07-15 20:10:54 - INFO - [main.py:172] - 训练总耗时: 58.26 秒
