2025-07-15 10:49:47 - INFO - [logging_config.py:44] - 日志文件已创建: D:\workspace\CFLP_Revision\logs\20250715_104947.log
2025-07-15 10:49:47 - INFO - [main.py:148] - 实验模式: Federated
2025-07-15 10:49:47 - INFO - [main.py:152] - 模型初始化完成: CNN
2025-07-15 10:49:47 - INFO - [main.py:102] - 为联邦学习加载数据，分布类型: iid
2025-07-15 10:49:48 - INFO - [main.py:140] - 开始训练 CNN 模型
2025-07-15 10:50:05 - INFO - [federated_trainer.py:76] - [Federated][Round 1/100] 客户端平均准确率: 0.971, 平均AUC: 0.999 平均损失: 0.095
2025-07-15 10:50:21 - INFO - [federated_trainer.py:76] - [Federated][Round 2/100] 客户端平均准确率: 0.979, 平均AUC: 0.999 平均损失: 0.071
2025-07-15 10:50:42 - INFO - [federated_trainer.py:76] - [Federated][Round 3/100] 客户端平均准确率: 0.983, 平均AUC: 0.999 平均损失: 0.053
2025-07-15 10:51:00 - INFO - [federated_trainer.py:76] - [Federated][Round 4/100] 客户端平均准确率: 0.984, 平均AUC: 0.999 平均损失: 0.047
2025-07-15 10:51:19 - INFO - [federated_trainer.py:76] - [Federated][Round 5/100] 客户端平均准确率: 0.985, 平均AUC: 0.999 平均损失: 0.047
2025-07-15 10:51:38 - INFO - [federated_trainer.py:76] - [Federated][Round 6/100] 客户端平均准确率: 0.986, 平均AUC: 0.999 平均损失: 0.039
2025-07-15 10:51:56 - INFO - [federated_trainer.py:76] - [Federated][Round 7/100] 客户端平均准确率: 0.986, 平均AUC: 0.999 平均损失: 0.043
2025-07-15 10:52:13 - INFO - [federated_trainer.py:76] - [Federated][Round 8/100] 客户端平均准确率: 0.988, 平均AUC: 0.999 平均损失: 0.039
2025-07-15 10:52:30 - INFO - [federated_trainer.py:76] - [Federated][Round 9/100] 客户端平均准确率: 0.987, 平均AUC: 0.999 平均损失: 0.042
2025-07-15 10:52:46 - INFO - [federated_trainer.py:76] - [Federated][Round 10/100] 客户端平均准确率: 0.988, 平均AUC: 0.999 平均损失: 0.040
2025-07-15 10:53:04 - INFO - [federated_trainer.py:76] - [Federated][Round 11/100] 客户端平均准确率: 0.986, 平均AUC: 0.999 平均损失: 0.044
2025-07-15 10:53:24 - INFO - [federated_trainer.py:76] - [Federated][Round 12/100] 客户端平均准确率: 0.988, 平均AUC: 0.999 平均损失: 0.043
2025-07-15 10:53:46 - INFO - [federated_trainer.py:76] - [Federated][Round 13/100] 客户端平均准确率: 0.988, 平均AUC: 0.999 平均损失: 0.040
2025-07-15 10:54:08 - INFO - [federated_trainer.py:76] - [Federated][Round 14/100] 客户端平均准确率: 0.989, 平均AUC: 0.999 平均损失: 0.038
2025-07-15 10:54:28 - INFO - [federated_trainer.py:76] - [Federated][Round 15/100] 客户端平均准确率: 0.990, 平均AUC: 0.999 平均损失: 0.035
2025-07-15 10:54:48 - INFO - [federated_trainer.py:76] - [Federated][Round 16/100] 客户端平均准确率: 0.989, 平均AUC: 0.999 平均损失: 0.041
2025-07-15 10:55:08 - INFO - [federated_trainer.py:76] - [Federated][Round 17/100] 客户端平均准确率: 0.989, 平均AUC: 0.999 平均损失: 0.044
2025-07-15 10:55:27 - INFO - [federated_trainer.py:76] - [Federated][Round 18/100] 客户端平均准确率: 0.987, 平均AUC: 0.999 平均损失: 0.046
2025-07-15 10:55:45 - INFO - [federated_trainer.py:76] - [Federated][Round 19/100] 客户端平均准确率: 0.989, 平均AUC: 0.999 平均损失: 0.042
2025-07-15 10:56:03 - INFO - [federated_trainer.py:76] - [Federated][Round 20/100] 客户端平均准确率: 0.990, 平均AUC: 0.999 平均损失: 0.039
2025-07-15 10:56:22 - INFO - [federated_trainer.py:76] - [Federated][Round 21/100] 客户端平均准确率: 0.986, 平均AUC: 0.999 平均损失: 0.059
2025-07-15 10:56:38 - INFO - [federated_trainer.py:76] - [Federated][Round 22/100] 客户端平均准确率: 0.989, 平均AUC: 0.999 平均损失: 0.046
2025-07-15 10:56:55 - INFO - [federated_trainer.py:76] - [Federated][Round 23/100] 客户端平均准确率: 0.989, 平均AUC: 0.999 平均损失: 0.040
2025-07-15 10:57:12 - INFO - [federated_trainer.py:76] - [Federated][Round 24/100] 客户端平均准确率: 0.991, 平均AUC: 0.999 平均损失: 0.033
2025-07-15 10:57:27 - INFO - [federated_trainer.py:76] - [Federated][Round 25/100] 客户端平均准确率: 0.989, 平均AUC: 0.999 平均损失: 0.044
2025-07-15 10:57:44 - INFO - [federated_trainer.py:76] - [Federated][Round 26/100] 客户端平均准确率: 0.991, 平均AUC: 0.999 平均损失: 0.038
2025-07-15 10:58:02 - INFO - [federated_trainer.py:76] - [Federated][Round 27/100] 客户端平均准确率: 0.990, 平均AUC: 0.999 平均损失: 0.045
2025-07-15 10:58:18 - INFO - [federated_trainer.py:76] - [Federated][Round 28/100] 客户端平均准确率: 0.990, 平均AUC: 0.999 平均损失: 0.043
2025-07-15 10:58:34 - INFO - [federated_trainer.py:76] - [Federated][Round 29/100] 客户端平均准确率: 0.990, 平均AUC: 0.999 平均损失: 0.043
2025-07-15 10:58:50 - INFO - [federated_trainer.py:76] - [Federated][Round 30/100] 客户端平均准确率: 0.989, 平均AUC: 0.999 平均损失: 0.047
2025-07-15 10:59:08 - INFO - [federated_trainer.py:76] - [Federated][Round 31/100] 客户端平均准确率: 0.990, 平均AUC: 0.999 平均损失: 0.038
2025-07-15 10:59:08 - INFO - [federated_trainer.py:87] - [Federated] 收敛检测：最近准确率波动未超过阈值(0.001)，提前停止训练
2025-07-15 10:59:08 - INFO - [federated_trainer.py:96] - 最终准确率: 0.991
2025-07-15 10:59:08 - INFO - [federated_trainer.py:97] - 最终AUC: 0.999
2025-07-15 10:59:08 - INFO - [main.py:142] - Federated训练完成
2025-07-15 10:59:08 - INFO - [main.py:172] - 训练总耗时: 560.24 秒
