2025-07-15 20:08:44 - INFO - [logging_config.py:44] - 日志文件已创建: D:\workspace\CFLP_Revision\logs\20250715_200844.log
2025-07-15 20:08:44 - INFO - [main.py:148] - 实验模式: Federated
2025-07-15 20:08:44 - INFO - [main.py:152] - 模型初始化完成: MLP
2025-07-15 20:08:44 - INFO - [main.py:102] - 为联邦学习加载数据，分布类型: noniid_label_skew
2025-07-15 20:08:44 - INFO - [main.py:140] - 开始训练 MLP 模型
2025-07-15 20:08:47 - INFO - [federated_trainer.py:76] - [Federated][Round 1/100] 客户端平均准确率: 0.975, 平均AUC: pass 平均损失: 0.073
2025-07-15 20:08:49 - INFO - [federated_trainer.py:76] - [Federated][Round 2/100] 客户端平均准确率: 0.979, 平均AUC: pass 平均损失: 0.062
2025-07-15 20:08:51 - INFO - [federated_trainer.py:76] - [Federated][Round 3/100] 客户端平均准确率: 0.981, 平均AUC: pass 平均损失: 0.054
2025-07-15 20:08:52 - INFO - [federated_trainer.py:76] - [Federated][Round 4/100] 客户端平均准确率: 0.984, 平均AUC: pass 平均损失: 0.045
2025-07-15 20:08:54 - INFO - [federated_trainer.py:76] - [Federated][Round 5/100] 客户端平均准确率: 0.986, 平均AUC: pass 平均损失: 0.040
2025-07-15 20:08:56 - INFO - [federated_trainer.py:76] - [Federated][Round 6/100] 客户端平均准确率: 0.987, 平均AUC: pass 平均损失: 0.038
2025-07-15 20:08:57 - INFO - [federated_trainer.py:76] - [Federated][Round 7/100] 客户端平均准确率: 0.987, 平均AUC: pass 平均损失: 0.036
2025-07-15 20:08:59 - INFO - [federated_trainer.py:76] - [Federated][Round 8/100] 客户端平均准确率: 0.986, 平均AUC: pass 平均损失: 0.039
2025-07-15 20:09:01 - INFO - [federated_trainer.py:76] - [Federated][Round 9/100] 客户端平均准确率: 0.989, 平均AUC: pass 平均损失: 0.034
2025-07-15 20:09:02 - INFO - [federated_trainer.py:76] - [Federated][Round 10/100] 客户端平均准确率: 0.989, 平均AUC: pass 平均损失: 0.032
2025-07-15 20:09:04 - INFO - [federated_trainer.py:76] - [Federated][Round 11/100] 客户端平均准确率: 0.990, 平均AUC: pass 平均损失: 0.031
2025-07-15 20:09:06 - INFO - [federated_trainer.py:76] - [Federated][Round 12/100] 客户端平均准确率: 0.988, 平均AUC: pass 平均损失: 0.035
2025-07-15 20:09:07 - INFO - [federated_trainer.py:76] - [Federated][Round 13/100] 客户端平均准确率: 0.989, 平均AUC: pass 平均损失: 0.031
2025-07-15 20:09:09 - INFO - [federated_trainer.py:76] - [Federated][Round 14/100] 客户端平均准确率: 0.990, 平均AUC: pass 平均损失: 0.030
2025-07-15 20:09:11 - INFO - [federated_trainer.py:76] - [Federated][Round 15/100] 客户端平均准确率: 0.990, 平均AUC: pass 平均损失: 0.032
2025-07-15 20:09:12 - INFO - [federated_trainer.py:76] - [Federated][Round 16/100] 客户端平均准确率: 0.990, 平均AUC: pass 平均损失: 0.028
2025-07-15 20:09:12 - INFO - [federated_trainer.py:87] - [Federated] 收敛检测：最近准确率波动未超过阈值(0.001)，提前停止训练
2025-07-15 20:09:12 - INFO - [federated_trainer.py:96] - 最终准确率: 0.990
2025-07-15 20:09:12 - INFO - [federated_trainer.py:97] - 最终AUC: pass
2025-07-15 20:09:12 - INFO - [main.py:142] - Federated训练完成
2025-07-15 20:09:12 - INFO - [main.py:172] - 训练总耗时: 28.19 秒
