2025-07-15 20:02:54 - INFO - [logging_config.py:44] - 日志文件已创建: D:\workspace\CFLP_Revision\logs\20250715_200254.log
2025-07-15 20:02:54 - INFO - [main.py:148] - 实验模式: Federated
2025-07-15 20:02:54 - INFO - [main.py:152] - 模型初始化完成: MLP
2025-07-15 20:02:54 - INFO - [main.py:102] - 为联邦学习加载数据，分布类型: iid
2025-07-15 20:02:54 - INFO - [main.py:140] - 开始训练 MLP 模型
2025-07-15 20:02:58 - INFO - [federated_trainer.py:76] - [Federated][Round 1/100] 客户端平均准确率: 0.918, 平均AUC: 0.994 平均损失: 0.280
2025-07-15 20:03:00 - INFO - [federated_trainer.py:76] - [Federated][Round 2/100] 客户端平均准确率: 0.939, 平均AUC: 0.996 平均损失: 0.206
2025-07-15 20:03:02 - INFO - [federated_trainer.py:76] - [Federated][Round 3/100] 客户端平均准确率: 0.951, 平均AUC: 0.997 平均损失: 0.167
2025-07-15 20:03:03 - INFO - [federated_trainer.py:76] - [Federated][Round 4/100] 客户端平均准确率: 0.955, 平均AUC: 0.998 平均损失: 0.145
2025-07-15 20:03:05 - INFO - [federated_trainer.py:76] - [Federated][Round 5/100] 客户端平均准确率: 0.957, 平均AUC: 0.998 平均损失: 0.138
2025-07-15 20:03:07 - INFO - [federated_trainer.py:76] - [Federated][Round 6/100] 客户端平均准确率: 0.964, 平均AUC: 0.998 平均损失: 0.119
2025-07-15 20:03:09 - INFO - [federated_trainer.py:76] - [Federated][Round 7/100] 客户端平均准确率: 0.963, 平均AUC: 0.998 平均损失: 0.119
2025-07-15 20:03:11 - INFO - [federated_trainer.py:76] - [Federated][Round 8/100] 客户端平均准确率: 0.963, 平均AUC: 0.999 平均损失: 0.114
2025-07-15 20:03:13 - INFO - [federated_trainer.py:76] - [Federated][Round 9/100] 客户端平均准确率: 0.969, 平均AUC: 0.999 平均损失: 0.106
2025-07-15 20:03:15 - INFO - [federated_trainer.py:76] - [Federated][Round 10/100] 客户端平均准确率: 0.968, 平均AUC: 0.999 平均损失: 0.108
2025-07-15 20:03:17 - INFO - [federated_trainer.py:76] - [Federated][Round 11/100] 客户端平均准确率: 0.970, 平均AUC: 0.999 平均损失: 0.101
2025-07-15 20:03:18 - INFO - [federated_trainer.py:76] - [Federated][Round 12/100] 客户端平均准确率: 0.969, 平均AUC: 0.999 平均损失: 0.100
2025-07-15 20:03:20 - INFO - [federated_trainer.py:76] - [Federated][Round 13/100] 客户端平均准确率: 0.971, 平均AUC: 0.999 平均损失: 0.096
2025-07-15 20:03:22 - INFO - [federated_trainer.py:76] - [Federated][Round 14/100] 客户端平均准确率: 0.973, 平均AUC: 0.999 平均损失: 0.094
2025-07-15 20:03:24 - INFO - [federated_trainer.py:76] - [Federated][Round 15/100] 客户端平均准确率: 0.973, 平均AUC: 0.999 平均损失: 0.091
2025-07-15 20:03:26 - INFO - [federated_trainer.py:76] - [Federated][Round 16/100] 客户端平均准确率: 0.970, 平均AUC: 0.999 平均损失: 0.101
2025-07-15 20:03:28 - INFO - [federated_trainer.py:76] - [Federated][Round 17/100] 客户端平均准确率: 0.972, 平均AUC: 0.999 平均损失: 0.098
2025-07-15 20:03:30 - INFO - [federated_trainer.py:76] - [Federated][Round 18/100] 客户端平均准确率: 0.971, 平均AUC: 0.999 平均损失: 0.102
2025-07-15 20:03:31 - INFO - [federated_trainer.py:76] - [Federated][Round 19/100] 客户端平均准确率: 0.973, 平均AUC: 0.999 平均损失: 0.097
2025-07-15 20:03:33 - INFO - [federated_trainer.py:76] - [Federated][Round 20/100] 客户端平均准确率: 0.971, 平均AUC: 0.999 平均损失: 0.104
2025-07-15 20:03:35 - INFO - [federated_trainer.py:76] - [Federated][Round 21/100] 客户端平均准确率: 0.972, 平均AUC: 0.999 平均损失: 0.100
2025-07-15 20:03:37 - INFO - [federated_trainer.py:76] - [Federated][Round 22/100] 客户端平均准确率: 0.971, 平均AUC: 0.999 平均损失: 0.105
2025-07-15 20:03:39 - INFO - [federated_trainer.py:76] - [Federated][Round 23/100] 客户端平均准确率: 0.974, 平均AUC: 0.999 平均损失: 0.102
2025-07-15 20:03:41 - INFO - [federated_trainer.py:76] - [Federated][Round 24/100] 客户端平均准确率: 0.972, 平均AUC: 0.999 平均损失: 0.102
2025-07-15 20:03:43 - INFO - [federated_trainer.py:76] - [Federated][Round 25/100] 客户端平均准确率: 0.972, 平均AUC: 0.999 平均损失: 0.105
2025-07-15 20:03:45 - INFO - [federated_trainer.py:76] - [Federated][Round 26/100] 客户端平均准确率: 0.973, 平均AUC: 0.999 平均损失: 0.106
2025-07-15 20:03:46 - INFO - [federated_trainer.py:76] - [Federated][Round 27/100] 客户端平均准确率: 0.974, 平均AUC: 0.999 平均损失: 0.110
2025-07-15 20:03:48 - INFO - [federated_trainer.py:76] - [Federated][Round 28/100] 客户端平均准确率: 0.975, 平均AUC: 0.999 平均损失: 0.097
2025-07-15 20:03:50 - INFO - [federated_trainer.py:76] - [Federated][Round 29/100] 客户端平均准确率: 0.975, 平均AUC: 0.999 平均损失: 0.106
2025-07-15 20:03:52 - INFO - [federated_trainer.py:76] - [Federated][Round 30/100] 客户端平均准确率: 0.973, 平均AUC: 0.999 平均损失: 0.119
2025-07-15 20:03:54 - INFO - [federated_trainer.py:76] - [Federated][Round 31/100] 客户端平均准确率: 0.972, 平均AUC: 0.999 平均损失: 0.115
2025-07-15 20:03:56 - INFO - [federated_trainer.py:76] - [Federated][Round 32/100] 客户端平均准确率: 0.975, 平均AUC: 0.999 平均损失: 0.108
2025-07-15 20:03:58 - INFO - [federated_trainer.py:76] - [Federated][Round 33/100] 客户端平均准确率: 0.974, 平均AUC: 0.999 平均损失: 0.113
2025-07-15 20:04:00 - INFO - [federated_trainer.py:76] - [Federated][Round 34/100] 客户端平均准确率: 0.974, 平均AUC: 0.999 平均损失: 0.105
2025-07-15 20:04:01 - INFO - [federated_trainer.py:76] - [Federated][Round 35/100] 客户端平均准确率: 0.972, 平均AUC: 0.999 平均损失: 0.124
2025-07-15 20:04:03 - INFO - [federated_trainer.py:76] - [Federated][Round 36/100] 客户端平均准确率: 0.974, 平均AUC: 0.999 平均损失: 0.117
2025-07-15 20:04:05 - INFO - [federated_trainer.py:76] - [Federated][Round 37/100] 客户端平均准确率: 0.976, 平均AUC: 0.999 平均损失: 0.107
2025-07-15 20:04:07 - INFO - [federated_trainer.py:76] - [Federated][Round 38/100] 客户端平均准确率: 0.976, 平均AUC: 0.999 平均损失: 0.111
2025-07-15 20:04:09 - INFO - [federated_trainer.py:76] - [Federated][Round 39/100] 客户端平均准确率: 0.975, 平均AUC: 0.999 平均损失: 0.121
2025-07-15 20:04:11 - INFO - [federated_trainer.py:76] - [Federated][Round 40/100] 客户端平均准确率: 0.973, 平均AUC: 0.999 平均损失: 0.131
2025-07-15 20:04:13 - INFO - [federated_trainer.py:76] - [Federated][Round 41/100] 客户端平均准确率: 0.973, 平均AUC: 0.999 平均损失: 0.122
2025-07-15 20:04:14 - INFO - [federated_trainer.py:76] - [Federated][Round 42/100] 客户端平均准确率: 0.974, 平均AUC: 0.999 平均损失: 0.116
2025-07-15 20:04:16 - INFO - [federated_trainer.py:76] - [Federated][Round 43/100] 客户端平均准确率: 0.977, 平均AUC: 0.999 平均损失: 0.114
2025-07-15 20:04:18 - INFO - [federated_trainer.py:76] - [Federated][Round 44/100] 客户端平均准确率: 0.973, 平均AUC: 0.999 平均损失: 0.130
2025-07-15 20:04:20 - INFO - [federated_trainer.py:76] - [Federated][Round 45/100] 客户端平均准确率: 0.974, 平均AUC: 0.999 平均损失: 0.121
2025-07-15 20:04:22 - INFO - [federated_trainer.py:76] - [Federated][Round 46/100] 客户端平均准确率: 0.973, 平均AUC: 0.999 平均损失: 0.138
2025-07-15 20:04:24 - INFO - [federated_trainer.py:76] - [Federated][Round 47/100] 客户端平均准确率: 0.976, 平均AUC: 0.999 平均损失: 0.125
2025-07-15 20:04:26 - INFO - [federated_trainer.py:76] - [Federated][Round 48/100] 客户端平均准确率: 0.976, 平均AUC: 0.999 平均损失: 0.122
2025-07-15 20:04:28 - INFO - [federated_trainer.py:76] - [Federated][Round 49/100] 客户端平均准确率: 0.978, 平均AUC: 0.999 平均损失: 0.114
2025-07-15 20:04:29 - INFO - [federated_trainer.py:76] - [Federated][Round 50/100] 客户端平均准确率: 0.978, 平均AUC: 0.999 平均损失: 0.113
2025-07-15 20:04:31 - INFO - [federated_trainer.py:76] - [Federated][Round 51/100] 客户端平均准确率: 0.977, 平均AUC: 0.999 平均损失: 0.125
2025-07-15 20:04:33 - INFO - [federated_trainer.py:76] - [Federated][Round 52/100] 客户端平均准确率: 0.973, 平均AUC: 0.999 平均损失: 0.142
2025-07-15 20:04:35 - INFO - [federated_trainer.py:76] - [Federated][Round 53/100] 客户端平均准确率: 0.974, 平均AUC: 0.999 平均损失: 0.133
2025-07-15 20:04:37 - INFO - [federated_trainer.py:76] - [Federated][Round 54/100] 客户端平均准确率: 0.978, 平均AUC: 0.999 平均损失: 0.114
2025-07-15 20:04:39 - INFO - [federated_trainer.py:76] - [Federated][Round 55/100] 客户端平均准确率: 0.974, 平均AUC: 0.999 平均损失: 0.137
2025-07-15 20:04:41 - INFO - [federated_trainer.py:76] - [Federated][Round 56/100] 客户端平均准确率: 0.974, 平均AUC: 0.999 平均损失: 0.132
2025-07-15 20:04:43 - INFO - [federated_trainer.py:76] - [Federated][Round 57/100] 客户端平均准确率: 0.977, 平均AUC: 0.999 平均损失: 0.129
2025-07-15 20:04:44 - INFO - [federated_trainer.py:76] - [Federated][Round 58/100] 客户端平均准确率: 0.976, 平均AUC: 0.999 平均损失: 0.136
2025-07-15 20:04:46 - INFO - [federated_trainer.py:76] - [Federated][Round 59/100] 客户端平均准确率: 0.979, 平均AUC: 0.999 平均损失: 0.122
2025-07-15 20:04:48 - INFO - [federated_trainer.py:76] - [Federated][Round 60/100] 客户端平均准确率: 0.978, 平均AUC: 0.999 平均损失: 0.117
2025-07-15 20:04:50 - INFO - [federated_trainer.py:76] - [Federated][Round 61/100] 客户端平均准确率: 0.979, 平均AUC: 0.999 平均损失: 0.121
2025-07-15 20:04:52 - INFO - [federated_trainer.py:76] - [Federated][Round 62/100] 客户端平均准确率: 0.974, 平均AUC: 0.999 平均损失: 0.139
2025-07-15 20:04:54 - INFO - [federated_trainer.py:76] - [Federated][Round 63/100] 客户端平均准确率: 0.974, 平均AUC: 0.999 平均损失: 0.133
2025-07-15 20:04:56 - INFO - [federated_trainer.py:76] - [Federated][Round 64/100] 客户端平均准确率: 0.977, 平均AUC: 0.999 平均损失: 0.125
2025-07-15 20:04:58 - INFO - [federated_trainer.py:76] - [Federated][Round 65/100] 客户端平均准确率: 0.978, 平均AUC: 0.999 平均损失: 0.122
2025-07-15 20:05:00 - INFO - [federated_trainer.py:76] - [Federated][Round 66/100] 客户端平均准确率: 0.979, 平均AUC: 0.999 平均损失: 0.121
2025-07-15 20:05:01 - INFO - [federated_trainer.py:76] - [Federated][Round 67/100] 客户端平均准确率: 0.978, 平均AUC: 0.999 平均损失: 0.128
2025-07-15 20:05:03 - INFO - [federated_trainer.py:76] - [Federated][Round 68/100] 客户端平均准确率: 0.974, 平均AUC: 0.999 平均损失: 0.137
2025-07-15 20:05:05 - INFO - [federated_trainer.py:76] - [Federated][Round 69/100] 客户端平均准确率: 0.978, 平均AUC: 0.999 平均损失: 0.132
2025-07-15 20:05:07 - INFO - [federated_trainer.py:76] - [Federated][Round 70/100] 客户端平均准确率: 0.976, 平均AUC: 0.999 平均损失: 0.135
2025-07-15 20:05:09 - INFO - [federated_trainer.py:76] - [Federated][Round 71/100] 客户端平均准确率: 0.977, 平均AUC: 0.999 平均损失: 0.132
2025-07-15 20:05:11 - INFO - [federated_trainer.py:76] - [Federated][Round 72/100] 客户端平均准确率: 0.973, 平均AUC: 0.999 平均损失: 0.147
2025-07-15 20:05:13 - INFO - [federated_trainer.py:76] - [Federated][Round 73/100] 客户端平均准确率: 0.976, 平均AUC: 0.999 平均损失: 0.135
2025-07-15 20:05:15 - INFO - [federated_trainer.py:76] - [Federated][Round 74/100] 客户端平均准确率: 0.977, 平均AUC: 0.999 平均损失: 0.129
2025-07-15 20:05:16 - INFO - [federated_trainer.py:76] - [Federated][Round 75/100] 客户端平均准确率: 0.980, 平均AUC: 0.999 平均损失: 0.113
2025-07-15 20:05:18 - INFO - [federated_trainer.py:76] - [Federated][Round 76/100] 客户端平均准确率: 0.980, 平均AUC: 0.999 平均损失: 0.115
2025-07-15 20:05:20 - INFO - [federated_trainer.py:76] - [Federated][Round 77/100] 客户端平均准确率: 0.981, 平均AUC: 0.999 平均损失: 0.109
2025-07-15 20:05:22 - INFO - [federated_trainer.py:76] - [Federated][Round 78/100] 客户端平均准确率: 0.981, 平均AUC: 0.999 平均损失: 0.108
2025-07-15 20:05:24 - INFO - [federated_trainer.py:76] - [Federated][Round 79/100] 客户端平均准确率: 0.982, 平均AUC: 0.999 平均损失: 0.109
2025-07-15 20:05:26 - INFO - [federated_trainer.py:76] - [Federated][Round 80/100] 客户端平均准确率: 0.982, 平均AUC: 0.999 平均损失: 0.110
2025-07-15 20:05:26 - INFO - [federated_trainer.py:87] - [Federated] 收敛检测：最近准确率波动未超过阈值(0.001)，提前停止训练
2025-07-15 20:05:26 - INFO - [federated_trainer.py:96] - 最终准确率: 0.982
2025-07-15 20:05:26 - INFO - [federated_trainer.py:97] - 最终AUC: 0.999
2025-07-15 20:05:26 - INFO - [main.py:142] - Federated训练完成
2025-07-15 20:05:26 - INFO - [main.py:172] - 训练总耗时: 151.49 秒
