2025-07-15 20:13:22 - INFO - [logging_config.py:44] - 日志文件已创建: D:\workspace\CFLP_Revision\logs\20250715_201322.log
2025-07-15 20:13:22 - INFO - [main.py:148] - 实验模式: Federated
2025-07-15 20:13:22 - INFO - [main.py:152] - 模型初始化完成: MLP
2025-07-15 20:13:22 - INFO - [main.py:102] - 为联邦学习加载数据，分布类型: noniid_quantity_skew
2025-07-15 20:13:22 - INFO - [main.py:140] - 开始训练 MLP 模型
2025-07-15 20:13:26 - INFO - [federated_trainer.py:76] - [Federated][Round 1/100] 客户端平均准确率: 0.902, 平均AUC: 0.993 平均损失: 0.312
2025-07-15 20:13:27 - INFO - [federated_trainer.py:76] - [Federated][Round 2/100] 客户端平均准确率: 0.937, 平均AUC: 0.997 平均损失: 0.205
2025-07-15 20:13:29 - INFO - [federated_trainer.py:76] - [Federated][Round 3/100] 客户端平均准确率: 0.950, 平均AUC: 0.998 平均损失: 0.164
2025-07-15 20:13:31 - INFO - [federated_trainer.py:76] - [Federated][Round 4/100] 客户端平均准确率: 0.959, 平均AUC: 0.998 平均损失: 0.143
2025-07-15 20:13:33 - INFO - [federated_trainer.py:76] - [Federated][Round 5/100] 客户端平均准确率: 0.963, 平均AUC: 0.998 平均损失: 0.121
2025-07-15 20:13:35 - INFO - [federated_trainer.py:76] - [Federated][Round 6/100] 客户端平均准确率: 0.964, 平均AUC: 0.998 平均损失: 0.119
2025-07-15 20:13:37 - INFO - [federated_trainer.py:76] - [Federated][Round 7/100] 客户端平均准确率: 0.965, 平均AUC: 0.999 平均损失: 0.115
2025-07-15 20:13:39 - INFO - [federated_trainer.py:76] - [Federated][Round 8/100] 客户端平均准确率: 0.968, 平均AUC: 0.999 平均损失: 0.106
2025-07-15 20:13:41 - INFO - [federated_trainer.py:76] - [Federated][Round 9/100] 客户端平均准确率: 0.972, 平均AUC: 0.999 平均损失: 0.093
2025-07-15 20:13:43 - INFO - [federated_trainer.py:76] - [Federated][Round 10/100] 客户端平均准确率: 0.970, 平均AUC: 0.999 平均损失: 0.103
2025-07-15 20:13:45 - INFO - [federated_trainer.py:76] - [Federated][Round 11/100] 客户端平均准确率: 0.971, 平均AUC: 0.999 平均损失: 0.094
2025-07-15 20:13:46 - INFO - [federated_trainer.py:76] - [Federated][Round 12/100] 客户端平均准确率: 0.974, 平均AUC: 0.999 平均损失: 0.089
2025-07-15 20:13:48 - INFO - [federated_trainer.py:76] - [Federated][Round 13/100] 客户端平均准确率: 0.972, 平均AUC: 0.999 平均损失: 0.096
2025-07-15 20:13:50 - INFO - [federated_trainer.py:76] - [Federated][Round 14/100] 客户端平均准确率: 0.973, 平均AUC: 0.999 平均损失: 0.092
2025-07-15 20:13:52 - INFO - [federated_trainer.py:76] - [Federated][Round 15/100] 客户端平均准确率: 0.972, 平均AUC: 0.999 平均损失: 0.094
2025-07-15 20:13:54 - INFO - [federated_trainer.py:76] - [Federated][Round 16/100] 客户端平均准确率: 0.972, 平均AUC: 0.999 平均损失: 0.096
2025-07-15 20:13:56 - INFO - [federated_trainer.py:76] - [Federated][Round 17/100] 客户端平均准确率: 0.972, 平均AUC: 0.999 平均损失: 0.093
2025-07-15 20:13:58 - INFO - [federated_trainer.py:76] - [Federated][Round 18/100] 客户端平均准确率: 0.975, 平均AUC: 0.999 平均损失: 0.094
2025-07-15 20:14:00 - INFO - [federated_trainer.py:76] - [Federated][Round 19/100] 客户端平均准确率: 0.974, 平均AUC: 0.999 平均损失: 0.093
2025-07-15 20:14:02 - INFO - [federated_trainer.py:76] - [Federated][Round 20/100] 客户端平均准确率: 0.972, 平均AUC: 0.999 平均损失: 0.098
2025-07-15 20:14:04 - INFO - [federated_trainer.py:76] - [Federated][Round 21/100] 客户端平均准确率: 0.973, 平均AUC: 0.999 平均损失: 0.095
2025-07-15 20:14:05 - INFO - [federated_trainer.py:76] - [Federated][Round 22/100] 客户端平均准确率: 0.973, 平均AUC: 0.999 平均损失: 0.100
2025-07-15 20:14:07 - INFO - [federated_trainer.py:76] - [Federated][Round 23/100] 客户端平均准确率: 0.971, 平均AUC: 0.999 平均损失: 0.112
2025-07-15 20:14:09 - INFO - [federated_trainer.py:76] - [Federated][Round 24/100] 客户端平均准确率: 0.973, 平均AUC: 0.999 平均损失: 0.101
2025-07-15 20:14:11 - INFO - [federated_trainer.py:76] - [Federated][Round 25/100] 客户端平均准确率: 0.975, 平均AUC: 0.999 平均损失: 0.098
2025-07-15 20:14:13 - INFO - [federated_trainer.py:76] - [Federated][Round 26/100] 客户端平均准确率: 0.975, 平均AUC: 0.999 平均损失: 0.102
2025-07-15 20:14:15 - INFO - [federated_trainer.py:76] - [Federated][Round 27/100] 客户端平均准确率: 0.975, 平均AUC: 0.999 平均损失: 0.100
2025-07-15 20:14:17 - INFO - [federated_trainer.py:76] - [Federated][Round 28/100] 客户端平均准确率: 0.972, 平均AUC: 0.999 平均损失: 0.117
2025-07-15 20:14:19 - INFO - [federated_trainer.py:76] - [Federated][Round 29/100] 客户端平均准确率: 0.976, 平均AUC: 0.999 平均损失: 0.108
2025-07-15 20:14:20 - INFO - [federated_trainer.py:76] - [Federated][Round 30/100] 客户端平均准确率: 0.978, 平均AUC: 0.999 平均损失: 0.097
2025-07-15 20:14:22 - INFO - [federated_trainer.py:76] - [Federated][Round 31/100] 客户端平均准确率: 0.974, 平均AUC: 0.999 平均损失: 0.107
2025-07-15 20:14:24 - INFO - [federated_trainer.py:76] - [Federated][Round 32/100] 客户端平均准确率: 0.974, 平均AUC: 0.999 平均损失: 0.113
2025-07-15 20:14:26 - INFO - [federated_trainer.py:76] - [Federated][Round 33/100] 客户端平均准确率: 0.972, 平均AUC: 0.999 平均损失: 0.134
2025-07-15 20:14:28 - INFO - [federated_trainer.py:76] - [Federated][Round 34/100] 客户端平均准确率: 0.973, 平均AUC: 0.999 平均损失: 0.120
2025-07-15 20:14:30 - INFO - [federated_trainer.py:76] - [Federated][Round 35/100] 客户端平均准确率: 0.976, 平均AUC: 0.999 平均损失: 0.108
2025-07-15 20:14:32 - INFO - [federated_trainer.py:76] - [Federated][Round 36/100] 客户端平均准确率: 0.974, 平均AUC: 0.999 平均损失: 0.126
2025-07-15 20:14:34 - INFO - [federated_trainer.py:76] - [Federated][Round 37/100] 客户端平均准确率: 0.976, 平均AUC: 0.999 平均损失: 0.110
2025-07-15 20:14:35 - INFO - [federated_trainer.py:76] - [Federated][Round 38/100] 客户端平均准确率: 0.977, 平均AUC: 0.999 平均损失: 0.106
2025-07-15 20:14:37 - INFO - [federated_trainer.py:76] - [Federated][Round 39/100] 客户端平均准确率: 0.979, 平均AUC: 0.999 平均损失: 0.110
2025-07-15 20:14:39 - INFO - [federated_trainer.py:76] - [Federated][Round 40/100] 客户端平均准确率: 0.967, 平均AUC: 0.999 平均损失: 0.157
2025-07-15 20:14:41 - INFO - [federated_trainer.py:76] - [Federated][Round 41/100] 客户端平均准确率: 0.970, 平均AUC: 0.999 平均损失: 0.136
2025-07-15 20:14:43 - INFO - [federated_trainer.py:76] - [Federated][Round 42/100] 客户端平均准确率: 0.976, 平均AUC: 0.999 平均损失: 0.114
2025-07-15 20:14:45 - INFO - [federated_trainer.py:76] - [Federated][Round 43/100] 客户端平均准确率: 0.977, 平均AUC: 0.999 平均损失: 0.125
2025-07-15 20:14:47 - INFO - [federated_trainer.py:76] - [Federated][Round 44/100] 客户端平均准确率: 0.974, 平均AUC: 0.999 平均损失: 0.124
2025-07-15 20:14:49 - INFO - [federated_trainer.py:76] - [Federated][Round 45/100] 客户端平均准确率: 0.978, 平均AUC: 0.999 平均损失: 0.106
2025-07-15 20:14:51 - INFO - [federated_trainer.py:76] - [Federated][Round 46/100] 客户端平均准确率: 0.978, 平均AUC: 0.999 平均损失: 0.116
2025-07-15 20:14:52 - INFO - [federated_trainer.py:76] - [Federated][Round 47/100] 客户端平均准确率: 0.978, 平均AUC: 0.999 平均损失: 0.115
2025-07-15 20:14:54 - INFO - [federated_trainer.py:76] - [Federated][Round 48/100] 客户端平均准确率: 0.972, 平均AUC: 0.999 平均损失: 0.141
2025-07-15 20:14:56 - INFO - [federated_trainer.py:76] - [Federated][Round 49/100] 客户端平均准确率: 0.974, 平均AUC: 0.999 平均损失: 0.133
2025-07-15 20:14:58 - INFO - [federated_trainer.py:76] - [Federated][Round 50/100] 客户端平均准确率: 0.975, 平均AUC: 0.999 平均损失: 0.132
2025-07-15 20:15:00 - INFO - [federated_trainer.py:76] - [Federated][Round 51/100] 客户端平均准确率: 0.980, 平均AUC: 0.999 平均损失: 0.106
2025-07-15 20:15:02 - INFO - [federated_trainer.py:76] - [Federated][Round 52/100] 客户端平均准确率: 0.979, 平均AUC: 0.999 平均损失: 0.112
2025-07-15 20:15:04 - INFO - [federated_trainer.py:76] - [Federated][Round 53/100] 客户端平均准确率: 0.974, 平均AUC: 0.999 平均损失: 0.136
2025-07-15 20:15:06 - INFO - [federated_trainer.py:76] - [Federated][Round 54/100] 客户端平均准确率: 0.976, 平均AUC: 0.999 平均损失: 0.124
2025-07-15 20:15:08 - INFO - [federated_trainer.py:76] - [Federated][Round 55/100] 客户端平均准确率: 0.976, 平均AUC: 0.999 平均损失: 0.121
2025-07-15 20:15:09 - INFO - [federated_trainer.py:76] - [Federated][Round 56/100] 客户端平均准确率: 0.977, 平均AUC: 0.999 平均损失: 0.118
2025-07-15 20:15:11 - INFO - [federated_trainer.py:76] - [Federated][Round 57/100] 客户端平均准确率: 0.978, 平均AUC: 0.999 平均损失: 0.115
2025-07-15 20:15:13 - INFO - [federated_trainer.py:76] - [Federated][Round 58/100] 客户端平均准确率: 0.978, 平均AUC: 0.999 平均损失: 0.125
2025-07-15 20:15:15 - INFO - [federated_trainer.py:76] - [Federated][Round 59/100] 客户端平均准确率: 0.981, 平均AUC: 0.999 平均损失: 0.110
2025-07-15 20:15:17 - INFO - [federated_trainer.py:76] - [Federated][Round 60/100] 客户端平均准确率: 0.980, 平均AUC: 0.999 平均损失: 0.120
2025-07-15 20:15:19 - INFO - [federated_trainer.py:76] - [Federated][Round 61/100] 客户端平均准确率: 0.975, 平均AUC: 0.999 平均损失: 0.132
2025-07-15 20:15:21 - INFO - [federated_trainer.py:76] - [Federated][Round 62/100] 客户端平均准确率: 0.974, 平均AUC: 0.999 平均损失: 0.132
2025-07-15 20:15:23 - INFO - [federated_trainer.py:76] - [Federated][Round 63/100] 客户端平均准确率: 0.975, 平均AUC: 0.999 平均损失: 0.132
2025-07-15 20:15:25 - INFO - [federated_trainer.py:76] - [Federated][Round 64/100] 客户端平均准确率: 0.977, 平均AUC: 0.999 平均损失: 0.124
2025-07-15 20:15:26 - INFO - [federated_trainer.py:76] - [Federated][Round 65/100] 客户端平均准确率: 0.979, 平均AUC: 0.999 平均损失: 0.120
2025-07-15 20:15:28 - INFO - [federated_trainer.py:76] - [Federated][Round 66/100] 客户端平均准确率: 0.981, 平均AUC: 0.999 平均损失: 0.105
2025-07-15 20:15:30 - INFO - [federated_trainer.py:76] - [Federated][Round 67/100] 客户端平均准确率: 0.982, 平均AUC: 0.999 平均损失: 0.102
2025-07-15 20:15:32 - INFO - [federated_trainer.py:76] - [Federated][Round 68/100] 客户端平均准确率: 0.982, 平均AUC: 0.999 平均损失: 0.102
2025-07-15 20:15:34 - INFO - [federated_trainer.py:76] - [Federated][Round 69/100] 客户端平均准确率: 0.979, 平均AUC: 0.999 平均损失: 0.112
2025-07-15 20:15:36 - INFO - [federated_trainer.py:76] - [Federated][Round 70/100] 客户端平均准确率: 0.981, 平均AUC: 0.999 平均损失: 0.103
2025-07-15 20:15:38 - INFO - [federated_trainer.py:76] - [Federated][Round 71/100] 客户端平均准确率: 0.983, 平均AUC: 0.999 平均损失: 0.098
2025-07-15 20:15:40 - INFO - [federated_trainer.py:76] - [Federated][Round 72/100] 客户端平均准确率: 0.982, 平均AUC: 0.999 平均损失: 0.099
2025-07-15 20:15:41 - INFO - [federated_trainer.py:76] - [Federated][Round 73/100] 客户端平均准确率: 0.983, 平均AUC: 0.999 平均损失: 0.100
2025-07-15 20:15:43 - INFO - [federated_trainer.py:76] - [Federated][Round 74/100] 客户端平均准确率: 0.983, 平均AUC: 0.999 平均损失: 0.100
2025-07-15 20:15:43 - INFO - [federated_trainer.py:87] - [Federated] 收敛检测：最近准确率波动未超过阈值(0.001)，提前停止训练
2025-07-15 20:15:43 - INFO - [federated_trainer.py:96] - 最终准确率: 0.983
2025-07-15 20:15:43 - INFO - [federated_trainer.py:97] - 最终AUC: 0.999
2025-07-15 20:15:43 - INFO - [main.py:142] - Federated训练完成
2025-07-15 20:15:43 - INFO - [main.py:172] - 训练总耗时: 141.14 秒
