2025-07-15 11:13:02 - INFO - [logging_config.py:44] - 日志文件已创建: D:\workspace\CFLP_Revision\logs\20250715_111302.log
2025-07-15 11:13:02 - INFO - [main.py:148] - 实验模式: Federated
2025-07-15 11:13:02 - INFO - [main.py:152] - 模型初始化完成: MLP
2025-07-15 11:13:02 - INFO - [main.py:102] - 为联邦学习加载数据，分布类型: iid
2025-07-15 11:13:02 - INFO - [main.py:140] - 开始训练 MLP 模型
2025-07-15 11:13:05 - INFO - [federated_trainer.py:76] - [Federated][Round 1/100] 客户端平均准确率: 0.920, 平均AUC: 0.994 平均损失: 0.274
2025-07-15 11:13:07 - INFO - [federated_trainer.py:76] - [Federated][Round 2/100] 客户端平均准确率: 0.938, 平均AUC: 0.997 平均损失: 0.203
2025-07-15 11:13:09 - INFO - [federated_trainer.py:76] - [Federated][Round 3/100] 客户端平均准确率: 0.949, 平均AUC: 0.997 平均损失: 0.170
2025-07-15 11:13:11 - INFO - [federated_trainer.py:76] - [Federated][Round 4/100] 客户端平均准确率: 0.957, 平均AUC: 0.998 平均损失: 0.147
2025-07-15 11:13:13 - INFO - [federated_trainer.py:76] - [Federated][Round 5/100] 客户端平均准确率: 0.957, 平均AUC: 0.998 平均损失: 0.140
2025-07-15 11:13:15 - INFO - [federated_trainer.py:76] - [Federated][Round 6/100] 客户端平均准确率: 0.961, 平均AUC: 0.998 平均损失: 0.122
2025-07-15 11:13:17 - INFO - [federated_trainer.py:76] - [Federated][Round 7/100] 客户端平均准确率: 0.965, 平均AUC: 0.998 平均损失: 0.116
2025-07-15 11:13:19 - INFO - [federated_trainer.py:76] - [Federated][Round 8/100] 客户端平均准确率: 0.967, 平均AUC: 0.999 平均损失: 0.110
2025-07-15 11:13:21 - INFO - [federated_trainer.py:76] - [Federated][Round 9/100] 客户端平均准确率: 0.968, 平均AUC: 0.999 平均损失: 0.105
2025-07-15 11:13:23 - INFO - [federated_trainer.py:76] - [Federated][Round 10/100] 客户端平均准确率: 0.963, 平均AUC: 0.999 平均损失: 0.115
2025-07-15 11:13:25 - INFO - [federated_trainer.py:76] - [Federated][Round 11/100] 客户端平均准确率: 0.967, 平均AUC: 0.999 平均损失: 0.108
2025-07-15 11:13:27 - INFO - [federated_trainer.py:76] - [Federated][Round 12/100] 客户端平均准确率: 0.969, 平均AUC: 0.999 平均损失: 0.105
2025-07-15 11:13:29 - INFO - [federated_trainer.py:76] - [Federated][Round 13/100] 客户端平均准确率: 0.969, 平均AUC: 0.999 平均损失: 0.105
2025-07-15 11:13:31 - INFO - [federated_trainer.py:76] - [Federated][Round 14/100] 客户端平均准确率: 0.972, 平均AUC: 0.999 平均损失: 0.102
2025-07-15 11:13:33 - INFO - [federated_trainer.py:76] - [Federated][Round 15/100] 客户端平均准确率: 0.972, 平均AUC: 0.999 平均损失: 0.098
2025-07-15 11:13:35 - INFO - [federated_trainer.py:76] - [Federated][Round 16/100] 客户端平均准确率: 0.969, 平均AUC: 0.999 平均损失: 0.110
2025-07-15 11:13:37 - INFO - [federated_trainer.py:76] - [Federated][Round 17/100] 客户端平均准确率: 0.971, 平均AUC: 0.999 平均损失: 0.103
2025-07-15 11:13:39 - INFO - [federated_trainer.py:76] - [Federated][Round 18/100] 客户端平均准确率: 0.972, 平均AUC: 0.999 平均损失: 0.106
2025-07-15 11:13:41 - INFO - [federated_trainer.py:76] - [Federated][Round 19/100] 客户端平均准确率: 0.972, 平均AUC: 0.999 平均损失: 0.106
2025-07-15 11:13:43 - INFO - [federated_trainer.py:76] - [Federated][Round 20/100] 客户端平均准确率: 0.971, 平均AUC: 0.999 平均损失: 0.113
2025-07-15 11:13:45 - INFO - [federated_trainer.py:76] - [Federated][Round 21/100] 客户端平均准确率: 0.971, 平均AUC: 0.999 平均损失: 0.116
2025-07-15 11:13:47 - INFO - [federated_trainer.py:76] - [Federated][Round 22/100] 客户端平均准确率: 0.973, 平均AUC: 0.999 平均损失: 0.107
2025-07-15 11:13:49 - INFO - [federated_trainer.py:76] - [Federated][Round 23/100] 客户端平均准确率: 0.973, 平均AUC: 0.999 平均损失: 0.115
2025-07-15 11:13:51 - INFO - [federated_trainer.py:76] - [Federated][Round 24/100] 客户端平均准确率: 0.973, 平均AUC: 0.999 平均损失: 0.110
2025-07-15 11:13:52 - INFO - [federated_trainer.py:76] - [Federated][Round 25/100] 客户端平均准确率: 0.973, 平均AUC: 0.999 平均损失: 0.106
2025-07-15 11:13:52 - INFO - [federated_trainer.py:87] - [Federated] 收敛检测：最近准确率波动未超过阈值(0.001)，提前停止训练
2025-07-15 11:13:52 - INFO - [federated_trainer.py:96] - 最终准确率: 0.973
2025-07-15 11:13:52 - INFO - [federated_trainer.py:97] - 最终AUC: 0.999
2025-07-15 11:13:52 - INFO - [main.py:142] - Federated训练完成
2025-07-15 11:13:52 - INFO - [main.py:172] - 训练总耗时: 50.51 秒
