2025-07-15 11:14:20 - INFO - [logging_config.py:44] - 日志文件已创建: D:\workspace\CFLP_Revision\logs\20250715_111419.log
2025-07-15 11:14:20 - INFO - [main.py:148] - 实验模式: Federated
2025-07-15 11:14:20 - INFO - [main.py:152] - 模型初始化完成: MLP
2025-07-15 11:14:20 - INFO - [main.py:102] - 为联邦学习加载数据，分布类型: noniid_quantity_skew
2025-07-15 11:14:20 - INFO - [main.py:140] - 开始训练 MLP 模型
2025-07-15 11:14:24 - INFO - [federated_trainer.py:76] - [Federated][Round 1/100] 客户端平均准确率: 0.908, 平均AUC: 0.993 平均损失: 0.300
2025-07-15 11:14:26 - INFO - [federated_trainer.py:76] - [Federated][Round 2/100] 客户端平均准确率: 0.939, 平均AUC: 0.997 平均损失: 0.199
2025-07-15 11:14:28 - INFO - [federated_trainer.py:76] - [Federated][Round 3/100] 客户端平均准确率: 0.953, 平均AUC: 0.998 平均损失: 0.159
2025-07-15 11:14:30 - INFO - [federated_trainer.py:76] - [Federated][Round 4/100] 客户端平均准确率: 0.958, 平均AUC: 0.998 平均损失: 0.142
2025-07-15 11:14:32 - INFO - [federated_trainer.py:76] - [Federated][Round 5/100] 客户端平均准确率: 0.963, 平均AUC: 0.998 平均损失: 0.129
2025-07-15 11:14:34 - INFO - [federated_trainer.py:76] - [Federated][Round 6/100] 客户端平均准确率: 0.962, 平均AUC: 0.998 平均损失: 0.126
2025-07-15 11:14:35 - INFO - [federated_trainer.py:76] - [Federated][Round 7/100] 客户端平均准确率: 0.966, 平均AUC: 0.999 平均损失: 0.110
2025-07-15 11:14:37 - INFO - [federated_trainer.py:76] - [Federated][Round 8/100] 客户端平均准确率: 0.965, 平均AUC: 0.999 平均损失: 0.112
2025-07-15 11:14:39 - INFO - [federated_trainer.py:76] - [Federated][Round 9/100] 客户端平均准确率: 0.968, 平均AUC: 0.999 平均损失: 0.106
2025-07-15 11:14:41 - INFO - [federated_trainer.py:76] - [Federated][Round 10/100] 客户端平均准确率: 0.966, 平均AUC: 0.999 平均损失: 0.110
2025-07-15 11:14:43 - INFO - [federated_trainer.py:76] - [Federated][Round 11/100] 客户端平均准确率: 0.970, 平均AUC: 0.999 平均损失: 0.095
2025-07-15 11:14:45 - INFO - [federated_trainer.py:76] - [Federated][Round 12/100] 客户端平均准确率: 0.970, 平均AUC: 0.999 平均损失: 0.099
2025-07-15 11:14:47 - INFO - [federated_trainer.py:76] - [Federated][Round 13/100] 客户端平均准确率: 0.970, 平均AUC: 0.999 平均损失: 0.099
2025-07-15 11:14:48 - INFO - [federated_trainer.py:76] - [Federated][Round 14/100] 客户端平均准确率: 0.971, 平均AUC: 0.999 平均损失: 0.099
2025-07-15 11:14:50 - INFO - [federated_trainer.py:76] - [Federated][Round 15/100] 客户端平均准确率: 0.970, 平均AUC: 0.999 平均损失: 0.100
2025-07-15 11:14:52 - INFO - [federated_trainer.py:76] - [Federated][Round 16/100] 客户端平均准确率: 0.969, 平均AUC: 0.999 平均损失: 0.105
2025-07-15 11:14:54 - INFO - [federated_trainer.py:76] - [Federated][Round 17/100] 客户端平均准确率: 0.972, 平均AUC: 0.999 平均损失: 0.100
2025-07-15 11:14:56 - INFO - [federated_trainer.py:76] - [Federated][Round 18/100] 客户端平均准确率: 0.974, 平均AUC: 0.999 平均损失: 0.096
2025-07-15 11:14:58 - INFO - [federated_trainer.py:76] - [Federated][Round 19/100] 客户端平均准确率: 0.973, 平均AUC: 0.999 平均损失: 0.097
2025-07-15 11:14:59 - INFO - [federated_trainer.py:76] - [Federated][Round 20/100] 客户端平均准确率: 0.973, 平均AUC: 0.999 平均损失: 0.098
2025-07-15 11:15:01 - INFO - [federated_trainer.py:76] - [Federated][Round 21/100] 客户端平均准确率: 0.973, 平均AUC: 0.999 平均损失: 0.106
2025-07-15 11:15:01 - INFO - [federated_trainer.py:87] - [Federated] 收敛检测：最近准确率波动未超过阈值(0.001)，提前停止训练
2025-07-15 11:15:01 - INFO - [federated_trainer.py:96] - 最终准确率: 0.974
2025-07-15 11:15:01 - INFO - [federated_trainer.py:97] - 最终AUC: 0.999
2025-07-15 11:15:01 - INFO - [main.py:142] - Federated训练完成
2025-07-15 11:15:01 - INFO - [main.py:172] - 训练总耗时: 41.22 秒
