2025-07-15 19:49:44 - INFO - [logging_config.py:44] - 日志文件已创建: D:\workspace\CFLP_Revision\logs\20250715_194944.log
2025-07-15 19:49:44 - INFO - [main.py:148] - 实验模式: Federated
2025-07-15 19:49:44 - INFO - [main.py:152] - 模型初始化完成: CNN
2025-07-15 19:49:44 - INFO - [main.py:102] - 为联邦学习加载数据，分布类型: noniid_quantity_skew
2025-07-15 19:49:44 - INFO - [main.py:140] - 开始训练 CNN 模型
2025-07-15 19:50:00 - INFO - [federated_trainer.py:76] - [Federated][Round 1/100] 客户端平均准确率: 0.958, 平均AUC: 0.998 平均损失: 0.136
2025-07-15 19:50:15 - INFO - [federated_trainer.py:76] - [Federated][Round 2/100] 客户端平均准确率: 0.975, 平均AUC: 0.999 平均损失: 0.080
2025-07-15 19:50:30 - INFO - [federated_trainer.py:76] - [Federated][Round 3/100] 客户端平均准确率: 0.983, 平均AUC: 0.999 平均损失: 0.053
2025-07-15 19:50:45 - INFO - [federated_trainer.py:76] - [Federated][Round 4/100] 客户端平均准确率: 0.986, 平均AUC: 0.999 平均损失: 0.043
2025-07-15 19:51:00 - INFO - [federated_trainer.py:76] - [Federated][Round 5/100] 客户端平均准确率: 0.985, 平均AUC: 0.999 平均损失: 0.043
2025-07-15 19:51:15 - INFO - [federated_trainer.py:76] - [Federated][Round 6/100] 客户端平均准确率: 0.986, 平均AUC: 0.999 平均损失: 0.042
2025-07-15 19:51:30 - INFO - [federated_trainer.py:76] - [Federated][Round 7/100] 客户端平均准确率: 0.990, 平均AUC: 0.999 平均损失: 0.031
2025-07-15 19:51:45 - INFO - [federated_trainer.py:76] - [Federated][Round 8/100] 客户端平均准确率: 0.990, 平均AUC: 0.999 平均损失: 0.033
2025-07-15 19:52:00 - INFO - [federated_trainer.py:76] - [Federated][Round 9/100] 客户端平均准确率: 0.990, 平均AUC: 0.999 平均损失: 0.032
2025-07-15 19:52:15 - INFO - [federated_trainer.py:76] - [Federated][Round 10/100] 客户端平均准确率: 0.989, 平均AUC: 0.999 平均损失: 0.036
2025-07-15 19:52:30 - INFO - [federated_trainer.py:76] - [Federated][Round 11/100] 客户端平均准确率: 0.988, 平均AUC: 0.999 平均损失: 0.045
2025-07-15 19:52:45 - INFO - [federated_trainer.py:76] - [Federated][Round 12/100] 客户端平均准确率: 0.988, 平均AUC: 0.999 平均损失: 0.038
2025-07-15 19:53:00 - INFO - [federated_trainer.py:76] - [Federated][Round 13/100] 客户端平均准确率: 0.991, 平均AUC: 0.999 平均损失: 0.034
2025-07-15 19:53:15 - INFO - [federated_trainer.py:76] - [Federated][Round 14/100] 客户端平均准确率: 0.990, 平均AUC: 0.999 平均损失: 0.035
2025-07-15 19:53:30 - INFO - [federated_trainer.py:76] - [Federated][Round 15/100] 客户端平均准确率: 0.991, 平均AUC: 0.999 平均损失: 0.034
2025-07-15 19:53:45 - INFO - [federated_trainer.py:76] - [Federated][Round 16/100] 客户端平均准确率: 0.988, 平均AUC: 0.999 平均损失: 0.044
2025-07-15 19:54:00 - INFO - [federated_trainer.py:76] - [Federated][Round 17/100] 客户端平均准确率: 0.991, 平均AUC: 0.999 平均损失: 0.032
2025-07-15 19:54:15 - INFO - [federated_trainer.py:76] - [Federated][Round 18/100] 客户端平均准确率: 0.989, 平均AUC: 0.999 平均损失: 0.048
2025-07-15 19:54:30 - INFO - [federated_trainer.py:76] - [Federated][Round 19/100] 客户端平均准确率: 0.989, 平均AUC: 0.999 平均损失: 0.039
2025-07-15 19:54:45 - INFO - [federated_trainer.py:76] - [Federated][Round 20/100] 客户端平均准确率: 0.992, 平均AUC: 0.999 平均损失: 0.031
2025-07-15 19:54:59 - INFO - [federated_trainer.py:76] - [Federated][Round 21/100] 客户端平均准确率: 0.989, 平均AUC: 0.999 平均损失: 0.044
2025-07-15 19:55:15 - INFO - [federated_trainer.py:76] - [Federated][Round 22/100] 客户端平均准确率: 0.992, 平均AUC: 0.999 平均损失: 0.031
2025-07-15 19:55:30 - INFO - [federated_trainer.py:76] - [Federated][Round 23/100] 客户端平均准确率: 0.991, 平均AUC: 0.999 平均损失: 0.041
2025-07-15 19:55:45 - INFO - [federated_trainer.py:76] - [Federated][Round 24/100] 客户端平均准确率: 0.991, 平均AUC: 0.999 平均损失: 0.039
2025-07-15 19:55:59 - INFO - [federated_trainer.py:76] - [Federated][Round 25/100] 客户端平均准确率: 0.992, 平均AUC: 0.999 平均损失: 0.032
2025-07-15 19:56:14 - INFO - [federated_trainer.py:76] - [Federated][Round 26/100] 客户端平均准确率: 0.991, 平均AUC: 0.999 平均损失: 0.039
2025-07-15 19:56:30 - INFO - [federated_trainer.py:76] - [Federated][Round 27/100] 客户端平均准确率: 0.991, 平均AUC: 0.999 平均损失: 0.042
2025-07-15 19:56:45 - INFO - [federated_trainer.py:76] - [Federated][Round 28/100] 客户端平均准确率: 0.992, 平均AUC: 0.999 平均损失: 0.035
2025-07-15 19:56:59 - INFO - [federated_trainer.py:76] - [Federated][Round 29/100] 客户端平均准确率: 0.991, 平均AUC: 0.999 平均损失: 0.044
2025-07-15 19:57:14 - INFO - [federated_trainer.py:76] - [Federated][Round 30/100] 客户端平均准确率: 0.992, 平均AUC: 0.999 平均损失: 0.040
2025-07-15 19:57:29 - INFO - [federated_trainer.py:76] - [Federated][Round 31/100] 客户端平均准确率: 0.991, 平均AUC: 0.999 平均损失: 0.043
2025-07-15 19:57:44 - INFO - [federated_trainer.py:76] - [Federated][Round 32/100] 客户端平均准确率: 0.993, 平均AUC: 0.999 平均损失: 0.033
2025-07-15 19:57:59 - INFO - [federated_trainer.py:76] - [Federated][Round 33/100] 客户端平均准确率: 0.991, 平均AUC: 0.999 平均损失: 0.040
2025-07-15 19:58:14 - INFO - [federated_trainer.py:76] - [Federated][Round 34/100] 客户端平均准确率: 0.992, 平均AUC: 0.999 平均损失: 0.038
2025-07-15 19:58:29 - INFO - [federated_trainer.py:76] - [Federated][Round 35/100] 客户端平均准确率: 0.994, 平均AUC: 0.999 平均损失: 0.029
2025-07-15 19:58:44 - INFO - [federated_trainer.py:76] - [Federated][Round 36/100] 客户端平均准确率: 0.994, 平均AUC: 0.999 平均损失: 0.030
2025-07-15 19:58:59 - INFO - [federated_trainer.py:76] - [Federated][Round 37/100] 客户端平均准确率: 0.995, 平均AUC: 0.999 平均损失: 0.027
2025-07-15 19:59:14 - INFO - [federated_trainer.py:76] - [Federated][Round 38/100] 客户端平均准确率: 0.994, 平均AUC: 0.999 平均损失: 0.028
2025-07-15 19:59:14 - INFO - [federated_trainer.py:87] - [Federated] 收敛检测：最近准确率波动未超过阈值(0.001)，提前停止训练
2025-07-15 19:59:14 - INFO - [federated_trainer.py:96] - 最终准确率: 0.995
2025-07-15 19:59:14 - INFO - [federated_trainer.py:97] - 最终AUC: 0.999
2025-07-15 19:59:14 - INFO - [main.py:142] - Federated训练完成
2025-07-15 19:59:14 - INFO - [main.py:172] - 训练总耗时: 570.05 秒
